#
# A fatal error has been detected by the Java Runtime Environment:
#
#  SIGSEGV (0xb) at pc=0x00007f638960c24d, pid=58374, tid=58531
#
# JRE version: Java(TM) SE Runtime Environment (17.0.8+9) (build 17.0.8+9-LTS-211)
# Java VM: Java HotSpot(TM) 64-Bit Server VM (17.0.8+9-LTS-211, mixed mode, emulated-client, sharing, tiered, compressed oops, compressed class ptrs, g1 gc, linux-amd64)
# Problematic frame:
# j  java.lang.StackFrameInfo.ensureRetainClassRefEnabled()V+0 java.base@17.0.8
#
# Core dump will be written. Default location: Core dumps may be processed with "/usr/share/apport/apport -p%p -s%s -c%c -d%d -P%P -u%u -g%g -- %E" (or dumping to /home/nur/Desktop/training-center/core.58374)
#
# If you would like to submit a bug report, please visit:
#   https://bugreport.java.com/bugreport/crash.jsp
#

---------------  S U M M A R Y ------------

Command Line: -XX:TieredStopAtLevel=1 -Dspring.output.ansi.enabled=always -Dcom.sun.management.jmxremote -Dspring.jmx.enabled=true -Dspring.liveBeansView.mbeanDomain -Dspring.application.admin.enabled=true -Dmanagement.endpoints.jmx.exposure.include=* -javaagent:/snap/intellij-idea-ultimate/455/lib/idea_rt.jar=40417:/snap/intellij-idea-ultimate/455/bin -Dfile.encoding=UTF-8 com.sanjar.trainingcenter.ItCourseApplication

Host: AMD Ryzen 5 3500U with Radeon Vega Mobile Gfx, 16 cores, 6G, Ubuntu 23.04
Time: Tue Oct 24 18:39:41 2023 +06 elapsed time: 47.137026 seconds (0d 0h 0m 47s)

---------------  T H R E A D  ---------------

Current thread (0x00007f62f80bf020):  JavaThread "restartedMain" [_thread_in_Java, id=58531, stack(0x00007f63740f0000,0x00007f63741f0000)]

Stack: [0x00007f63740f0000,0x00007f63741f0000],  sp=0x00007f63741ec1c0,  free space=1008k
Native frames: (J=compiled Java code, j=interpreted, Vv=VM code, C=native code)
j  java.lang.StackFrameInfo.ensureRetainClassRefEnabled()V+0 java.base@17.0.8
j  java.lang.StackFrameInfo.getDeclaringClass()Ljava/lang/Class;+1 java.base@17.0.8
j  org.springframework.boot.SpringApplication$$Lambda$128+0x00007f63280f74d8.apply(Ljava/lang/Object;)Ljava/lang/Object;+4
J 5344 c1 java.util.Optional.map(Ljava/util/function/Function;)Ljava/util/Optional; java.base@17.0.8 (30 bytes) @ 0x00007f638a0bb354 [0x00007f638a0bb2e0+0x0000000000000074]
j  org.springframework.boot.SpringApplication.findMainClass(Ljava/util/stream/Stream;)Ljava/util/Optional;+21
j  org.springframework.boot.SpringApplication$$Lambda$126+0x00007f63280f7040.apply(Ljava/lang/Object;)Ljava/lang/Object;+8
j  java.lang.StackStreamFactory$StackFrameTraverser.consumeFrames()Ljava/lang/Object;+25 java.base@17.0.8
j  java.lang.StackStreamFactory$AbstractStackWalker.doStackWalk(JIIII)Ljava/lang/Object;+78 java.base@17.0.8
v  ~StubRoutines::call_stub
V  [libjvm.so+0x800e95]  JavaCalls::call_helper(JavaValue*, methodHandle const&, JavaCallArguments*, JavaThread*)+0x315
V  [libjvm.so+0xcebf5f]  StackWalk::walk(Handle, long, int, int, int, objArrayHandle, JavaThread*)+0x91f
V  [libjvm.so+0x8ccfeb]  JVM_CallStackWalk+0x1ab
j  java.lang.StackStreamFactory$AbstractStackWalker.callStackWalk(JIII[Ljava/lang/Object;)Ljava/lang/Object;+0 java.base@17.0.8
j  java.lang.StackStreamFactory$AbstractStackWalker.beginStackWalk()Ljava/lang/Object;+31 java.base@17.0.8
j  java.lang.StackStreamFactory$AbstractStackWalker.walk()Ljava/lang/Object;+8 java.base@17.0.8
j  java.lang.StackWalker.walk(Ljava/util/function/Function;)Ljava/lang/Object;+10 java.base@17.0.8
j  org.springframework.boot.SpringApplication.deduceMainApplicationClass()Ljava/lang/Class;+12
j  org.springframework.boot.SpringApplication.<init>(Lorg/springframework/core/io/ResourceLoader;[Ljava/lang/Class;)V+150
j  org.springframework.boot.SpringApplication.<init>([Ljava/lang/Class;)V+3
j  org.springframework.boot.SpringApplication.run([Ljava/lang/Class;[Ljava/lang/String;)Lorg/springframework/context/ConfigurableApplicationContext;+5
j  org.springframework.boot.SpringApplication.run(Ljava/lang/Class;[Ljava/lang/String;)Lorg/springframework/context/ConfigurableApplicationContext;+9
j  com.sanjar.trainingcenter.ItCourseApplication.main([Ljava/lang/String;)V+3
v  ~StubRoutines::call_stub
V  [libjvm.so+0x800e95]  JavaCalls::call_helper(JavaValue*, methodHandle const&, JavaCallArguments*, JavaThread*)+0x315
V  [libjvm.so+0xc8ae31]  invoke(InstanceKlass*, methodHandle const&, Handle, bool, objArrayHandle, BasicType, objArrayHandle, bool, JavaThread*) [clone .constprop.0]+0x591
V  [libjvm.so+0xc8bd87]  Reflection::invoke_method(oopDesc*, Handle, objArrayHandle, JavaThread*)+0x157
V  [libjvm.so+0x8d98bb]  JVM_InvokeMethod+0x18b
J 4503  jdk.internal.reflect.NativeMethodAccessorImpl.invoke0(Ljava/lang/reflect/Method;Ljava/lang/Object;[Ljava/lang/Object;)Ljava/lang/Object; java.base@17.0.8 (0 bytes) @ 0x00007f6389f95ab8 [0x00007f6389f959c0+0x00000000000000f8]
J 4502 c1 jdk.internal.reflect.NativeMethodAccessorImpl.invoke(Ljava/lang/Object;[Ljava/lang/Object;)Ljava/lang/Object; java.base@17.0.8 (137 bytes) @ 0x00007f6389f97194 [0x00007f6389f96e80+0x0000000000000314]
J 4120 c1 jdk.internal.reflect.DelegatingMethodAccessorImpl.invoke(Ljava/lang/Object;[Ljava/lang/Object;)Ljava/lang/Object; java.base@17.0.8 (10 bytes) @ 0x00007f6389f0a684 [0x00007f6389f0a640+0x0000000000000044]
J 4227 c1 java.lang.reflect.Method.invoke(Ljava/lang/Object;[Ljava/lang/Object;)Ljava/lang/Object; java.base@17.0.8 (65 bytes) @ 0x00007f6389f3315c [0x00007f6389f33060+0x00000000000000fc]
j  org.springframework.boot.devtools.restart.RestartLauncher.run()V+47
v  ~StubRoutines::call_stub
V  [libjvm.so+0x800e95]  JavaCalls::call_helper(JavaValue*, methodHandle const&, JavaCallArguments*, JavaThread*)+0x315
V  [libjvm.so+0x8026c2]  JavaCalls::call_virtual(JavaValue*, Handle, Klass*, Symbol*, Symbol*, JavaThread*)+0x1d2
V  [libjvm.so+0x8cbb93]  thread_entry(JavaThread*, JavaThread*)+0xa3
V  [libjvm.so+0xdadd1e]  JavaThread::thread_main_inner()+0xce
V  [libjvm.so+0xdb155e]  Thread::call_run()+0xde
V  [libjvm.so+0xc00d31]  thread_native_entry(Thread*)+0xe1


siginfo: si_signo: 11 (SIGSEGV), si_code: 1 (SEGV_MAPERR), si_addr: 0x00007f736c529b10

Register to memory mapping:

RAX=0x00007f736c529b08 is an unknown value
RBX={method} {0x00007f63273dee78} 'ensureRetainClassRefEnabled' '()V' in 'java/lang/StackFrameInfo'
RCX=0x0000000000000001 is an unknown value
RDX=0x00007f63273defd8 is pointing into metadata
RSP=0x00007f63741ec1c0 is pointing into the stack for thread: 0x00007f62f80bf020
RBP=0x00007f63741ec208 is pointing into the stack for thread: 0x00007f62f80bf020
RSI=0x000000009528d540 is an oop: org.springframework.boot.SpringApplication$$Lambda$128/0x00007f63280f74d8 
{0x000000009528d540} - klass: 'org/springframework/boot/SpringApplication$$Lambda$128+0x00007f63280f74d8'
 - ---- fields (total size 2 words):
RDI=0x0000000000000001 is an unknown value
R8 ={method} {0x00007f636eef42a0} 'main' '([Ljava/lang/String;)V' in 'com/sanjar/trainingcenter/ItCourseApplication'
R9 =0x0000000000000007 is an unknown value
R10=0x00007f6399877780: <offset 0x0000000001277780> in /usr/lib/jvm/jdk-17-oracle-x64/lib/server/libjvm.so at 0x00007f6398600000
R11=0x0000000000000228 is an unknown value
R12=0x0 is NULL
R13=0x00007f6327acef78 is pointing into metadata
R14=0x00007f63741ec218 is pointing into the stack for thread: 0x00007f62f80bf020
R15=0x00007f62f80bf020 is a thread


Registers:
RAX=0x00007f736c529b08, RBX=0x00007f63273dee78, RCX=0x0000000000000001, RDX=0x00007f63273defd8
RSP=0x00007f63741ec1c0, RBP=0x00007f63741ec208, RSI=0x000000009528d540, RDI=0x0000000000000001
R8 =0x00007f636eef42a0, R9 =0x0000000000000007, R10=0x00007f6399877780, R11=0x0000000000000228
R12=0x0000000000000000, R13=0x00007f6327acef78, R14=0x00007f63741ec218, R15=0x00007f62f80bf020
RIP=0x00007f638960c24d, EFLAGS=0x0000000000010202, CSGSFS=0x002b000000000033, ERR=0x0000000000000004
  TRAPNO=0x000000000000000e

Top of Stack: (sp=0x00007f63741ec1c0)
0x00007f63741ec1c0:   00007f63741ec1c0 00007f6327acef78
0x00007f63741ec1d0:   00007f63741ec218 00007f63273defd8
0x00007f63741ec1e0:   0000000000000000 00000000ffe06578
0x00007f63741ec1f0:   00007f63273dee78 0000000000000000 

Instructions: (pc=0x00007f638960c24d)
0x00007f638960c14d:   68 00 00 00 00 ff ca 7f f7 50 55 48 8b ec 41 55
0x00007f638960c15d:   68 00 00 00 00 4c 8b 6b 08 4d 8d 6d 30 53 48 8b
0x00007f638960c16d:   53 08 48 8b 52 08 48 8b 52 18 48 8b 52 70 48 8b
0x00007f638960c17d:   12 52 68 00 00 00 00 48 8b 53 08 48 8b 52 08 48
0x00007f638960c18d:   8b 52 10 52 41 56 41 55 68 00 00 00 00 48 89 24
0x00007f638960c19d:   24 41 c6 87 69 03 00 00 01 48 8b 43 18 48 85 c0
0x00007f638960c1ad:   0f 85 9a 00 00 00 e8 05 00 00 00 e9 83 00 00 00
0x00007f638960c1bd:   48 8b f3 48 8d 44 24 08 4c 89 6d c0 49 8b ff c5
0x00007f638960c1cd:   f8 77 49 89 af 98 02 00 00 49 89 87 88 02 00 00
0x00007f638960c1dd:   f7 c4 0f 00 00 00 0f 84 12 00 00 00 48 83 ec 08
0x00007f638960c1ed:   e8 8e b1 7e 0f 48 83 c4 08 e9 05 00 00 00 e8 80
0x00007f638960c1fd:   b1 7e 0f 49 c7 87 88 02 00 00 00 00 00 00 49 c7
0x00007f638960c20d:   87 98 02 00 00 00 00 00 00 49 c7 87 90 02 00 00
0x00007f638960c21d:   00 00 00 00 c5 f8 77 49 81 7f 08 00 00 00 00 0f
0x00007f638960c22d:   84 05 00 00 00 e9 c9 49 ff ff 4c 8b 6d c0 4c 8b
0x00007f638960c23d:   75 c8 c3 48 8b 43 18 48 85 c0 0f 84 12 00 00 00
0x00007f638960c24d:   8b 48 08 83 c1 02 89 48 08 23 48 20 0f 84 de 00
0x00007f638960c25d:   00 00 89 84 24 00 f0 ff ff 89 84 24 00 e0 ff ff
0x00007f638960c26d:   89 84 24 00 d0 ff ff 89 84 24 00 c0 ff ff 89 84
0x00007f638960c27d:   24 00 b0 ff ff 89 84 24 00 a0 ff ff 89 84 24 00
0x00007f638960c28d:   90 ff ff 89 84 24 00 80 ff ff 89 84 24 00 70 ff
0x00007f638960c29d:   ff 89 84 24 00 60 ff ff 89 84 24 00 50 ff ff 89
0x00007f638960c2ad:   84 24 00 40 ff ff 89 84 24 00 30 ff ff 89 84 24
0x00007f638960c2bd:   00 20 ff ff 89 84 24 00 10 ff ff 89 84 24 00 00
0x00007f638960c2cd:   ff ff 89 84 24 00 f0 fe ff 89 84 24 00 e0 fe ff
0x00007f638960c2dd:   89 84 24 00 d0 fe ff 89 84 24 00 c0 fe ff 41 c6
0x00007f638960c2ed:   87 69 03 00 00 00 80 3d cb 66 23 10 00 0f 84 2a
0x00007f638960c2fd:   00 00 00 48 8b 75 e8 49 8b ff f7 c4 0f 00 00 00
0x00007f638960c30d:   0f 84 12 00 00 00 48 83 ec 08 e8 34 aa ca 0f 48
0x00007f638960c31d:   83 c4 08 e9 05 00 00 00 e8 26 aa ca 0f 41 0f b6
0x00007f638960c32d:   5d 00 49 ba c0 6e 87 99 63 7f 00 00 41 ff 24 da
0x00007f638960c33d:   be 00 00 00 00 e8 05 00 00 00 e9 80 00 00 00 48 


Stack slot to memory mapping:
stack at sp + 0 slots: 0x00007f63741ec1c0 is pointing into the stack for thread: 0x00007f62f80bf020
stack at sp + 1 slots: 0x00007f6327acef78 is pointing into metadata
stack at sp + 2 slots: 0x00007f63741ec218 is pointing into the stack for thread: 0x00007f62f80bf020
stack at sp + 3 slots: 0x00007f63273defd8 is pointing into metadata
stack at sp + 4 slots: 0x0 is NULL
stack at sp + 5 slots: 0x00000000ffe06578 is an oop: java.lang.Class 
{0x00000000ffe06578} - klass: 'java/lang/Class'
 - ---- fields (total size 15 words):
 - private volatile transient 'classRedefinedCount' 'I' @12  0
 - private volatile transient 'cachedConstructor' 'Ljava/lang/reflect/Constructor;' @40  NULL (0)
 - private transient 'name' 'Ljava/lang/String;' @44  NULL (0)
 - private transient 'module' 'Ljava/lang/Module;' @48  a 'java/lang/Module'{0x0000000095039048} (95039048)
 - private final 'classLoader' 'Ljava/lang/ClassLoader;' @52  NULL (0)
 - private transient 'classData' 'Ljava/lang/Object;' @56  NULL (0)
 - private transient 'packageName' 'Ljava/lang/String;' @60  NULL (0)
 - private final 'componentType' 'Ljava/lang/Class;' @64  NULL (0)
 - private volatile transient 'reflectionData' 'Ljava/lang/ref/SoftReference;' @68  NULL (0)
 - private volatile transient 'genericInfo' 'Lsun/reflect/generics/repository/ClassRepository;' @72  NULL (0)
 - private volatile transient 'enumConstants' '[Ljava/lang/Object;' @76  NULL (0)
 - private volatile transient 'enumConstantDirectory' 'Ljava/util/Map;' @80  NULL (0)
 - private volatile transient 'annotationData' 'Ljava/lang/Class$AnnotationData;' @84  NULL (0)
 - private volatile transient 'annotationType' 'Lsun/reflect/annotation/AnnotationType;' @88  NULL (0)
 - transient 'classValueMap' 'Ljava/lang/ClassValue$ClassValueMap;' @92  NULL (0)
 - signature: Ljava/lang/StackFrameInfo;
 - fake entry for mirror: 'java/lang/StackFrameInfo'
 - fake entry for array: 'java/lang/StackFrameInfo'[]
 - fake entry for oop_size: 15
 - fake entry for static_oop_field_count: 1
 - private static final 'JLIA' 'Ljdk/internal/access/JavaLangInvokeAccess;' @112  a 'java/lang/invoke/MethodHandleImpl$1'{0x0000000095218ca8} (95218ca8)
stack at sp + 6 slots: {method} {0x00007f63273dee78} 'ensureRetainClassRefEnabled' '()V' in 'java/lang/StackFrameInfo'
stack at sp + 7 slots: 0x0 is NULL

method entry point (kind = zerolocals)  [0x00007f638960c100, 0x00007f638960c3e0]  736 bytes
[MachCode]
  0x00007f638960c100: 488b 5308 | 0fb7 4a2c | 0fb7 522a | 2bd1 81fa | f501 0000 | 0f86 2500 | 0000 488b | c248 c1e0 
  0x00007f638960c120: 0348 83c0 | 5849 0387 | b003 0000 | 483b e00f | 870a 0000 | 0058 498b | e550 e941 | c4ff ff58 
  0x00007f638960c140: 4c8d 74cc | f885 d20f | 8e09 0000 | 0068 0000 | 0000 ffca | 7ff7 5055 | 488b ec41 | 5568 0000 
  0x00007f638960c160: 0000 4c8b | 6b08 4d8d | 6d30 5348 | 8b53 0848 | 8b52 0848 | 8b52 1848 | 8b52 7048 | 8b12 5268 
  0x00007f638960c180: 0000 0000 | 488b 5308 | 488b 5208 | 488b 5210 | 5241 5641 | 5568 0000 | 0000 4889 | 2424 41c6 
  0x00007f638960c1a0: 8769 0300 | 0001 488b | 4318 4885 | c00f 859a | 0000 00e8 | 0500 0000 | e983 0000 | 0048 8bf3 
  0x00007f638960c1c0: 488d 4424 | 084c 896d | c049 8bff | c5f8 7749 | 89af 9802 | 0000 4989 | 8788 0200 | 00f7 c40f 
  0x00007f638960c1e0: 0000 000f | 8412 0000 | 0048 83ec | 08e8 8eb1 | 7e0f 4883 | c408 e905 | 0000 00e8 | 80b1 7e0f 
  0x00007f638960c200: 49c7 8788 | 0200 0000 | 0000 0049 | c787 9802 | 0000 0000 | 0000 49c7 | 8790 0200 | 0000 0000 
  0x00007f638960c220: 00c5 f877 | 4981 7f08 | 0000 0000 | 0f84 0500 | 0000 e9c9 | 49ff ff4c | 8b6d c04c | 8b75 c8c3 
  0x00007f638960c240: 488b 4318 | 4885 c00f | 8412 0000 | 008b 4808 | 83c1 0289 | 4808 2348 | 200f 84de | 0000 0089 
  0x00007f638960c260: 8424 00f0 | ffff 8984 | 2400 e0ff | ff89 8424 | 00d0 ffff | 8984 2400 | c0ff ff89 | 8424 00b0 
  0x00007f638960c280: ffff 8984 | 2400 a0ff | ff89 8424 | 0090 ffff | 8984 2400 | 80ff ff89 | 8424 0070 | ffff 8984 
  0x00007f638960c2a0: 2400 60ff | ff89 8424 | 0050 ffff | 8984 2400 | 40ff ff89 | 8424 0030 | ffff 8984 | 2400 20ff 
  0x00007f638960c2c0: ff89 8424 | 0010 ffff | 8984 2400 | 00ff ff89 | 8424 00f0 | feff 8984 | 2400 e0fe | ff89 8424 
  0x00007f638960c2e0: 00d0 feff | 8984 2400 | c0fe ff41 | c687 6903 | 0000 0080 | 3dcb 6623 | 1000 0f84 | 2a00 0000 
  0x00007f638960c300: 488b 75e8 | 498b fff7 | c40f 0000 | 000f 8412 | 0000 0048 | 83ec 08e8 | 34aa ca0f | 4883 c408 
  0x00007f638960c320: e905 0000 | 00e8 26aa | ca0f 410f | b65d 0049 | bac0 6e87 | 9963 7f00 | 0041 ff24 | dabe 0000 
  0x00007f638960c340: 0000 e805 | 0000 00e9 | 8000 0000 | 488d 4424 | 084c 896d | c049 8bff | c5f8 7749 | 89af 9802 
  0x00007f638960c360: 0000 4989 | 8788 0200 | 00f7 c40f | 0000 000f | 8412 0000 | 0048 83ec | 08e8 02f0 | 7e0f 4883 
  0x00007f638960c380: c408 e905 | 0000 00e8 | f4ef 7e0f | 49c7 8788 | 0200 0000 | 0000 0049 | c787 9802 | 0000 0000 
  0x00007f638960c3a0: 0000 49c7 | 8790 0200 | 0000 0000 | 00c5 f877 | 4981 7f08 | 0000 0000 | 0f84 0500 | 0000 e93d 
  0x00007f638960c3c0: 48ff ff4c | 8b6d c04c | 8b75 c8c3 | 488b 5de8 | e98a feff | ff66 6690 | 0000 0000 | 0000 0000 
[/MachCode]

---------------  P R O C E S S  ---------------

Threads class SMR info:
_java_thread_list=0x00007f62f8089de0, length=20, elements={
0x00007f6394123e50, 0x00007f6394125230, 0x00007f639412a990, 0x00007f639412bd40,
0x00007f639412d150, 0x00007f639412e6c0, 0x00007f639412fb20, 0x00007f639413b280,
0x00007f639451c890, 0x00007f639451dfe0, 0x00007f63945ce130, 0x00007f6310000ff0,
0x00007f62f4001fb0, 0x00007f62b00126a0, 0x00007f62e14b6470, 0x00007f6394027f30,
0x00007f6290001f10, 0x00007f62f4003810, 0x00007f629c003f00, 0x00007f62f80bf020
}

Java Threads: ( => current thread )
  0x00007f6394123e50 JavaThread "Reference Handler" daemon [_thread_blocked, id=58391, stack(0x00007f638436b000,0x00007f638446b000)]
  0x00007f6394125230 JavaThread "Finalizer" daemon [_thread_blocked, id=58392, stack(0x00007f638426b000,0x00007f638436b000)]
  0x00007f639412a990 JavaThread "Signal Dispatcher" daemon [_thread_blocked, id=58394, stack(0x00007f638416b000,0x00007f638426b000)]
  0x00007f639412bd40 JavaThread "Service Thread" daemon [_thread_blocked, id=58395, stack(0x00007f638406b000,0x00007f638416b000)]
  0x00007f639412d150 JavaThread "Monitor Deflation Thread" daemon [_thread_blocked, id=58396, stack(0x00007f6375900000,0x00007f6375a00000)]
  0x00007f639412e6c0 JavaThread "C1 CompilerThread0" daemon [_thread_blocked, id=58397, stack(0x00007f6375800000,0x00007f6375900000)]
  0x00007f639412fb20 JavaThread "Sweeper thread" daemon [_thread_blocked, id=58398, stack(0x00007f6375700000,0x00007f6375800000)]
  0x00007f639413b280 JavaThread "Common-Cleaner" daemon [_thread_blocked, id=58401, stack(0x00007f6375600000,0x00007f6375700000)]
  0x00007f639451c890 JavaThread "Monitor Ctrl-Break" daemon [_thread_in_native, id=58403, stack(0x00007f6375400000,0x00007f6375500000)]
  0x00007f639451dfe0 JavaThread "Notification Thread" daemon [_thread_blocked, id=58404, stack(0x00007f6375300000,0x00007f6375400000)]
  0x00007f63945ce130 JavaThread "RMI TCP Accept-0" daemon [_thread_in_native, id=58405, stack(0x00007f6375200000,0x00007f6375300000)]
  0x00007f6310000ff0 JavaThread "Attach Listener" daemon [_thread_blocked, id=58426, stack(0x00007f63743f0000,0x00007f63744f0000)]
  0x00007f62f4001fb0 JavaThread "RMI TCP Connection(idle)" daemon [_thread_blocked, id=58428, stack(0x00007f63742f0000,0x00007f63743f0000)]
  0x00007f62b00126a0 JavaThread "RMI Scheduler(0)" daemon [_thread_blocked, id=58429, stack(0x00007f63741f0000,0x00007f63742f0000)]
  0x00007f62e14b6470 JavaThread "Live Reload Server" daemon [_thread_in_native, id=58465, stack(0x00007f63268fe000,0x00007f63269fe000)]
  0x00007f6394027f30 JavaThread "DestroyJavaVM" [_thread_blocked, id=58375, stack(0x00007f6399900000,0x00007f6399a00000)]
  0x00007f6290001f10 JavaThread "Live Reload #1" daemon [_thread_in_native, id=58484, stack(0x00007f6374dfe000,0x00007f6374efe000)]
  0x00007f62f4003810 JavaThread "RMI TCP Connection(idle)" daemon [_thread_blocked, id=58488, stack(0x00007f6326bfe000,0x00007f6326cfe000)]
  0x00007f629c003f00 JavaThread "Thread-5" [_thread_blocked, id=58528, stack(0x00007f6375500000,0x00007f6375600000)]
=>0x00007f62f80bf020 JavaThread "restartedMain" [_thread_in_Java, id=58531, stack(0x00007f63740f0000,0x00007f63741f0000)]

Other Threads:
  0x00007f639411fdf0 VMThread "VM Thread" [stack: 0x00007f638446d000,0x00007f638456d000] [id=58390]
  0x00007f639457b680 WatcherThread [stack: 0x00007f6375100000,0x00007f6375200000] [id=58406]
  0x00007f639407a7d0 GCTaskThread "GC Thread#0" [stack: 0x00007f638524f000,0x00007f638534f000] [id=58379]
  0x00007f6320005f10 GCTaskThread "GC Thread#1" [stack: 0x00007f6374bfe000,0x00007f6374cfe000] [id=58413]
  0x00007f6320006940 GCTaskThread "GC Thread#2" [stack: 0x00007f6374afc000,0x00007f6374bfc000] [id=58414]
  0x00007f6320007370 GCTaskThread "GC Thread#3" [stack: 0x00007f63749fa000,0x00007f6374afa000] [id=58415]
  0x00007f6320007da0 GCTaskThread "GC Thread#4" [stack: 0x00007f63748f8000,0x00007f63749f8000] [id=58416]
  0x00007f63200087d0 GCTaskThread "GC Thread#5" [stack: 0x00007f63747f6000,0x00007f63748f6000] [id=58417]
  0x00007f632000c890 GCTaskThread "GC Thread#6" [stack: 0x00007f63745f4000,0x00007f63746f4000] [id=58424]
  0x00007f632000d050 GCTaskThread "GC Thread#7" [stack: 0x00007f63744f2000,0x00007f63745f2000] [id=58425]
  0x00007f6394089450 ConcurrentGCThread "G1 Main Marker" [stack: 0x00007f638514d000,0x00007f638524d000] [id=58380]
  0x00007f639408a3b0 ConcurrentGCThread "G1 Conc#0" [stack: 0x00007f638504b000,0x00007f638514b000] [id=58381]
  0x00007f6378000eb0 ConcurrentGCThread "G1 Conc#1" [stack: 0x00007f6326f00000,0x00007f6327000000] [id=58433]
  0x00007f63940f5340 ConcurrentGCThread "G1 Refine#0" [stack: 0x00007f6384741000,0x00007f6384841000] [id=58383]
  0x00007f63940f6230 ConcurrentGCThread "G1 Service" [stack: 0x00007f638463f000,0x00007f638473f000] [id=58384]

Threads with active compile tasks:

VM state: not at safepoint (normal execution)

VM Mutex/Monitor currently owned by a thread: None

Heap address: 0x0000000094c00000, size: 1716 MB, Compressed Oops mode: 32-bit

CDS archive(s) mapped at: [0x00007f6327000000-0x00007f6327bed000-0x00007f6327bed000), size 12505088, SharedBaseAddress: 0x00007f6327000000, ArchiveRelocationMode: 1.
Compressed class space mapped at: 0x00007f6328000000-0x00007f6368000000, reserved size: 1073741824
Narrow klass base: 0x00007f6327000000, Narrow klass shift: 0, Narrow klass range: 0x100000000

GC Precious Log:
 CPUs: 16 total, 8 available
 Memory: 6857M
 Large Page Support: Disabled
 NUMA Support: Disabled
 Compressed Oops: Enabled (32-bit)
 Heap Region Size: 1M
 Heap Min Capacity: 8M
 Heap Initial Capacity: 108M
 Heap Max Capacity: 1716M
 Pre-touch: Disabled
 Parallel Workers: 8
 Concurrent Workers: 2
 Concurrent Refinement Workers: 8
 Periodic GC: Disabled

Heap:
 garbage-first heap   total 92160K, used 25703K [0x0000000094c00000, 0x0000000100000000)
  region size 1024K, 1 young (1024K), 0 survivors (0K)
 Metaspace       used 61330K, committed 61952K, reserved 1114112K
  class space    used 9083K, committed 9344K, reserved 1048576K

Heap Regions: E=young(eden), S=young(survivor), O=old, HS=humongous(starts), HC=humongous(continues), CS=collection set, F=free, OA=open archive, CA=closed archive, TAMS=top-at-mark-start (previous, next)
|   0|0x0000000094c00000, 0x0000000094d00000, 0x0000000094d00000|100%|HS|  |TAMS 0x0000000094d00000, 0x0000000094c00000| Untracked 
|   1|0x0000000094d00000, 0x0000000094e00000, 0x0000000094e00000|100%| O|  |TAMS 0x0000000094e00000, 0x0000000094d00000| Untracked 
|   2|0x0000000094e00000, 0x0000000094f00000, 0x0000000094f00000|100%| O|  |TAMS 0x0000000094f00000, 0x0000000094e00000| Untracked 
|   3|0x0000000094f00000, 0x0000000095000000, 0x0000000095000000|100%| O|  |TAMS 0x0000000095000000, 0x0000000094f00000| Untracked 
|   4|0x0000000095000000, 0x0000000095100000, 0x0000000095100000|100%| O|  |TAMS 0x0000000095000000, 0x0000000095000000| Untracked 
|   5|0x0000000095100000, 0x0000000095200000, 0x0000000095200000|100%| O|  |TAMS 0x0000000095200000, 0x0000000095100000| Untracked 
|   6|0x0000000095200000, 0x00000000952fffc8, 0x0000000095300000| 99%| O|  |TAMS 0x0000000095200000, 0x0000000095200000| Untracked 
|   7|0x0000000095300000, 0x00000000953ffff8, 0x0000000095400000| 99%| O|  |TAMS 0x0000000095300000, 0x0000000095300000| Untracked 
|   8|0x0000000095400000, 0x00000000954ffff8, 0x0000000095500000| 99%| O|  |TAMS 0x0000000095400000, 0x0000000095400000| Untracked 
|   9|0x0000000095500000, 0x0000000095600000, 0x0000000095600000|100%| O|  |TAMS 0x0000000095600000, 0x0000000095500000| Untracked 
|  10|0x0000000095600000, 0x00000000956fffd8, 0x0000000095700000| 99%| O|  |TAMS 0x0000000095600000, 0x0000000095600000| Untracked 
|  11|0x0000000095700000, 0x00000000957fffb8, 0x0000000095800000| 99%| O|  |TAMS 0x0000000095700000, 0x0000000095700000| Untracked 
|  12|0x0000000095800000, 0x00000000958fffc8, 0x0000000095900000| 99%| O|  |TAMS 0x0000000095800000, 0x0000000095800000| Untracked 
|  13|0x0000000095900000, 0x00000000959fffe0, 0x0000000095a00000| 99%| O|  |TAMS 0x0000000095900000, 0x0000000095900000| Untracked 
|  14|0x0000000095a00000, 0x0000000095b00000, 0x0000000095b00000|100%| O|  |TAMS 0x0000000095a00000, 0x0000000095a00000| Untracked 
|  15|0x0000000095b00000, 0x0000000095bffff0, 0x0000000095c00000| 99%| O|  |TAMS 0x0000000095b00000, 0x0000000095b00000| Untracked 
|  16|0x0000000095c00000, 0x0000000095cffff8, 0x0000000095d00000| 99%| O|  |TAMS 0x0000000095c00000, 0x0000000095c00000| Untracked 
|  17|0x0000000095d00000, 0x0000000095df7a58, 0x0000000095e00000| 96%| O|  |TAMS 0x0000000095d00000, 0x0000000095d00000| Untracked 
|  18|0x0000000095e00000, 0x0000000095effff8, 0x0000000095f00000| 99%| O|  |TAMS 0x0000000095e00000, 0x0000000095e00000| Untracked 
|  19|0x0000000095f00000, 0x0000000095fffff0, 0x0000000096000000| 99%| O|  |TAMS 0x0000000095f00000, 0x0000000095f00000| Untracked 
|  20|0x0000000096000000, 0x00000000960ffff8, 0x0000000096100000| 99%| O|  |TAMS 0x0000000096000000, 0x0000000096000000| Untracked 
|  21|0x0000000096100000, 0x000000009619ca28, 0x0000000096200000| 61%| O|  |TAMS 0x0000000096100000, 0x0000000096100000| Untracked 
|  22|0x0000000096200000, 0x00000000962ffff0, 0x0000000096300000| 99%| O|  |TAMS 0x0000000096200000, 0x0000000096200000| Untracked 
|  23|0x0000000096300000, 0x0000000096391380, 0x0000000096400000| 56%| O|  |TAMS 0x0000000096300000, 0x0000000096300000| Untracked 
|  24|0x0000000096400000, 0x0000000096400000, 0x0000000096500000|  0%| F|  |TAMS 0x0000000096400000, 0x0000000096400000| Untracked 
|  25|0x0000000096500000, 0x0000000096500000, 0x0000000096600000|  0%| F|  |TAMS 0x0000000096500000, 0x0000000096500000| Untracked 
|  26|0x0000000096600000, 0x0000000096600000, 0x0000000096700000|  0%| F|  |TAMS 0x0000000096600000, 0x0000000096600000| Untracked 
|  27|0x0000000096700000, 0x0000000096700000, 0x0000000096800000|  0%| F|  |TAMS 0x0000000096700000, 0x0000000096700000| Untracked 
|  28|0x0000000096800000, 0x0000000096800000, 0x0000000096900000|  0%| F|  |TAMS 0x0000000096800000, 0x0000000096800000| Untracked 
|  29|0x0000000096900000, 0x0000000096900000, 0x0000000096a00000|  0%| F|  |TAMS 0x0000000096900000, 0x0000000096900000| Untracked 
|  30|0x0000000096a00000, 0x0000000096a00000, 0x0000000096b00000|  0%| F|  |TAMS 0x0000000096a00000, 0x0000000096a00000| Untracked 
|  31|0x0000000096b00000, 0x0000000096b00000, 0x0000000096c00000|  0%| F|  |TAMS 0x0000000096b00000, 0x0000000096b00000| Untracked 
|  32|0x0000000096c00000, 0x0000000096c00000, 0x0000000096d00000|  0%| F|  |TAMS 0x0000000096c00000, 0x0000000096c00000| Untracked 
|  33|0x0000000096d00000, 0x0000000096d00000, 0x0000000096e00000|  0%| F|  |TAMS 0x0000000096d00000, 0x0000000096d00000| Untracked 
|  34|0x0000000096e00000, 0x0000000096e00000, 0x0000000096f00000|  0%| F|  |TAMS 0x0000000096e00000, 0x0000000096e00000| Untracked 
|  35|0x0000000096f00000, 0x0000000096f00000, 0x0000000097000000|  0%| F|  |TAMS 0x0000000096f00000, 0x0000000096f00000| Untracked 
|  36|0x0000000097000000, 0x00000000970f9730, 0x0000000097100000| 97%| O|  |TAMS 0x0000000097000000, 0x0000000097000000| Untracked 
|  37|0x0000000097100000, 0x0000000097100000, 0x0000000097200000|  0%| F|  |TAMS 0x0000000097100000, 0x0000000097100000| Untracked 
|  38|0x0000000097200000, 0x0000000097200000, 0x0000000097300000|  0%| F|  |TAMS 0x0000000097200000, 0x0000000097200000| Untracked 
|  39|0x0000000097300000, 0x0000000097300000, 0x0000000097400000|  0%| F|  |TAMS 0x0000000097300000, 0x0000000097300000| Untracked 
|  40|0x0000000097400000, 0x0000000097400000, 0x0000000097500000|  0%| F|  |TAMS 0x0000000097400000, 0x0000000097400000| Untracked 
|  41|0x0000000097500000, 0x0000000097500000, 0x0000000097600000|  0%| F|  |TAMS 0x0000000097500000, 0x0000000097500000| Untracked 
|  42|0x0000000097600000, 0x0000000097600000, 0x0000000097700000|  0%| F|  |TAMS 0x0000000097600000, 0x0000000097600000| Untracked 
|  43|0x0000000097700000, 0x0000000097700000, 0x0000000097800000|  0%| F|  |TAMS 0x0000000097700000, 0x0000000097700000| Untracked 
|  44|0x0000000097800000, 0x0000000097800000, 0x0000000097900000|  0%| F|  |TAMS 0x0000000097800000, 0x0000000097800000| Untracked 
|  45|0x0000000097900000, 0x0000000097900000, 0x0000000097a00000|  0%| F|  |TAMS 0x0000000097900000, 0x0000000097900000| Untracked 
|  46|0x0000000097a00000, 0x0000000097a00000, 0x0000000097b00000|  0%| F|  |TAMS 0x0000000097a00000, 0x0000000097a00000| Untracked 
|  47|0x0000000097b00000, 0x0000000097b00000, 0x0000000097c00000|  0%| F|  |TAMS 0x0000000097b00000, 0x0000000097b00000| Untracked 
|  48|0x0000000097c00000, 0x0000000097c00000, 0x0000000097d00000|  0%| F|  |TAMS 0x0000000097c00000, 0x0000000097c00000| Untracked 
|  49|0x0000000097d00000, 0x0000000097d00000, 0x0000000097e00000|  0%| F|  |TAMS 0x0000000097d00000, 0x0000000097d00000| Untracked 
|  50|0x0000000097e00000, 0x0000000097e00000, 0x0000000097f00000|  0%| F|  |TAMS 0x0000000097e00000, 0x0000000097e00000| Untracked 
|  51|0x0000000097f00000, 0x0000000097f00000, 0x0000000098000000|  0%| F|  |TAMS 0x0000000097f00000, 0x0000000097f00000| Untracked 
|  52|0x0000000098000000, 0x0000000098000000, 0x0000000098100000|  0%| F|  |TAMS 0x0000000098000000, 0x0000000098000000| Untracked 
|  53|0x0000000098100000, 0x0000000098100000, 0x0000000098200000|  0%| F|  |TAMS 0x0000000098100000, 0x0000000098100000| Untracked 
|  54|0x0000000098200000, 0x0000000098200000, 0x0000000098300000|  0%| F|  |TAMS 0x0000000098200000, 0x0000000098200000| Untracked 
|  55|0x0000000098300000, 0x0000000098300000, 0x0000000098400000|  0%| F|  |TAMS 0x0000000098300000, 0x0000000098300000| Untracked 
|  56|0x0000000098400000, 0x0000000098400000, 0x0000000098500000|  0%| F|  |TAMS 0x0000000098400000, 0x0000000098400000| Untracked 
|  57|0x0000000098500000, 0x0000000098500000, 0x0000000098600000|  0%| F|  |TAMS 0x0000000098500000, 0x0000000098500000| Untracked 
|  58|0x0000000098600000, 0x0000000098600000, 0x0000000098700000|  0%| F|  |TAMS 0x0000000098600000, 0x0000000098600000| Untracked 
|  59|0x0000000098700000, 0x0000000098700000, 0x0000000098800000|  0%| F|  |TAMS 0x0000000098700000, 0x0000000098700000| Untracked 
|  60|0x0000000098800000, 0x0000000098800000, 0x0000000098900000|  0%| F|  |TAMS 0x0000000098800000, 0x0000000098800000| Untracked 
|  61|0x0000000098900000, 0x0000000098900000, 0x0000000098a00000|  0%| F|  |TAMS 0x0000000098900000, 0x0000000098900000| Untracked 
|  62|0x0000000098a00000, 0x0000000098a00000, 0x0000000098b00000|  0%| F|  |TAMS 0x0000000098a00000, 0x0000000098a00000| Untracked 
|  63|0x0000000098b00000, 0x0000000098b00000, 0x0000000098c00000|  0%| F|  |TAMS 0x0000000098b00000, 0x0000000098b00000| Untracked 
|  64|0x0000000098c00000, 0x0000000098c00000, 0x0000000098d00000|  0%| F|  |TAMS 0x0000000098c00000, 0x0000000098c00000| Untracked 
|  65|0x0000000098d00000, 0x0000000098d00000, 0x0000000098e00000|  0%| F|  |TAMS 0x0000000098d00000, 0x0000000098d00000| Untracked 
|  66|0x0000000098e00000, 0x0000000098e00000, 0x0000000098f00000|  0%| F|  |TAMS 0x0000000098e00000, 0x0000000098e00000| Untracked 
|  67|0x0000000098f00000, 0x0000000098f00000, 0x0000000099000000|  0%| F|  |TAMS 0x0000000098f00000, 0x0000000098f00000| Untracked 
|  68|0x0000000099000000, 0x0000000099000000, 0x0000000099100000|  0%| F|  |TAMS 0x0000000099000000, 0x0000000099000000| Untracked 
|  69|0x0000000099100000, 0x0000000099100000, 0x0000000099200000|  0%| F|  |TAMS 0x0000000099100000, 0x0000000099100000| Untracked 
|  70|0x0000000099200000, 0x0000000099200000, 0x0000000099300000|  0%| F|  |TAMS 0x0000000099200000, 0x0000000099200000| Untracked 
|  71|0x0000000099300000, 0x0000000099300000, 0x0000000099400000|  0%| F|  |TAMS 0x0000000099300000, 0x0000000099300000| Untracked 
|  72|0x0000000099400000, 0x0000000099400000, 0x0000000099500000|  0%| F|  |TAMS 0x0000000099400000, 0x0000000099400000| Untracked 
|  73|0x0000000099500000, 0x0000000099500000, 0x0000000099600000|  0%| F|  |TAMS 0x0000000099500000, 0x0000000099500000| Untracked 
|  74|0x0000000099600000, 0x0000000099600000, 0x0000000099700000|  0%| F|  |TAMS 0x0000000099600000, 0x0000000099600000| Untracked 
|  75|0x0000000099700000, 0x0000000099700000, 0x0000000099800000|  0%| F|  |TAMS 0x0000000099700000, 0x0000000099700000| Untracked 
|  76|0x0000000099800000, 0x0000000099800000, 0x0000000099900000|  0%| F|  |TAMS 0x0000000099800000, 0x0000000099800000| Untracked 
|  77|0x0000000099900000, 0x0000000099900000, 0x0000000099a00000|  0%| F|  |TAMS 0x0000000099900000, 0x0000000099900000| Untracked 
|  78|0x0000000099a00000, 0x0000000099a00000, 0x0000000099b00000|  0%| F|  |TAMS 0x0000000099a00000, 0x0000000099a00000| Untracked 
|  79|0x0000000099b00000, 0x0000000099b00000, 0x0000000099c00000|  0%| F|  |TAMS 0x0000000099b00000, 0x0000000099b00000| Untracked 
|  80|0x0000000099c00000, 0x0000000099c00000, 0x0000000099d00000|  0%| F|  |TAMS 0x0000000099c00000, 0x0000000099c00000| Untracked 
|  81|0x0000000099d00000, 0x0000000099d00000, 0x0000000099e00000|  0%| F|  |TAMS 0x0000000099d00000, 0x0000000099d00000| Untracked 
|  82|0x0000000099e00000, 0x0000000099e00000, 0x0000000099f00000|  0%| F|  |TAMS 0x0000000099e00000, 0x0000000099e00000| Untracked 
|  83|0x0000000099f00000, 0x0000000099f00000, 0x000000009a000000|  0%| F|  |TAMS 0x0000000099f00000, 0x0000000099f00000| Untracked 
|  84|0x000000009a000000, 0x000000009a000000, 0x000000009a100000|  0%| F|  |TAMS 0x000000009a000000, 0x000000009a000000| Untracked 
|  85|0x000000009a100000, 0x000000009a100000, 0x000000009a200000|  0%| F|  |TAMS 0x000000009a100000, 0x000000009a100000| Untracked 
|  86|0x000000009a200000, 0x000000009a200000, 0x000000009a300000|  0%| F|  |TAMS 0x000000009a200000, 0x000000009a200000| Untracked 
|  87|0x000000009a300000, 0x000000009a37f220, 0x000000009a400000| 49%| E|  |TAMS 0x000000009a300000, 0x000000009a300000| Complete 
|1714|0x00000000ffe00000, 0x00000000ffe77000, 0x00000000fff00000| 46%|OA|  |TAMS 0x00000000ffe77000, 0x00000000ffe00000| Untracked 
|1715|0x00000000fff00000, 0x00000000fff84000, 0x0000000100000000| 51%|CA|  |TAMS 0x00000000fff84000, 0x00000000fff00000| Untracked 

Card table byte_map: [0x00007f6388c49000,0x00007f6388fa3000] _byte_map_base: 0x00007f63887a3000

Marking Bits (Prev, Next): (CMBitMap*) 0x00007f639407b250, (CMBitMap*) 0x00007f639407b290
 Prev Bits: [0x00007f6386e1f000, 0x00007f63888ef000)
 Next Bits: [0x00007f638534f000, 0x00007f6386e1f000)

Polling page: 0x00007f6399e34000

Metaspace:

Usage:
  Non-class:     51.02 MB used.
      Class:      8.87 MB used.
       Both:     59.89 MB used.

Virtual space:
  Non-class space:       64.00 MB reserved,      51.38 MB ( 80%) committed,  1 nodes.
      Class space:        1.00 GB reserved,       9.12 MB ( <1%) committed,  1 nodes.
             Both:        1.06 GB reserved,      60.50 MB (  6%) committed. 

Chunk freelists:
   Non-Class:  11.99 MB
       Class:  6.85 MB
        Both:  18.84 MB

MaxMetaspaceSize: unlimited
CompressedClassSpaceSize: 1.00 GB
Initial GC threshold: 21.00 MB
Current GC threshold: 100.88 MB
CDS: on
MetaspaceReclaimPolicy: balanced
 - commit_granule_bytes: 65536.
 - commit_granule_words: 8192.
 - virtual_space_node_default_size: 8388608.
 - enlarge_chunks_in_place: 1.
 - new_chunks_are_fully_committed: 0.
 - uncommit_free_chunks: 1.
 - use_allocation_guard: 0.
 - handle_deallocations: 1.


Internal statistics:

num_allocs_failed_limit: 12.
num_arena_births: 822.
num_arena_deaths: 8.
num_vsnodes_births: 2.
num_vsnodes_deaths: 0.
num_space_committed: 968.
num_space_uncommitted: 0.
num_chunks_returned_to_freelist: 24.
num_chunks_taken_from_freelist: 3137.
num_chunk_merges: 13.
num_chunk_splits: 2226.
num_chunks_enlarged: 1679.
num_purges: 2.
num_inconsistent_stats: 0.

CodeCache: size=49152Kb used=10933Kb max_used=12552Kb free=38218Kb
 bounds [0x00007f6389600000, 0x00007f638a250000, 0x00007f638c600000]
 total_blobs=6951 nmethods=6315 adapters=563
 compilation: enabled
              stopped_count=0, restarted_count=0
 full_count=0

Compilation events (20 events):
Event: 46.996 Thread 0x00007f639412e6c0 6305  s    1       org.apache.catalina.util.LifecycleBase::setStateInternal (144 bytes)
Event: 46.997 Thread 0x00007f639412e6c0 nmethod 6305 0x00007f638979b990 code [0x00007f638979bbc0, 0x00007f638979c2c0]
Event: 47.007 Thread 0x00007f639412e6c0 6306       1       org.hibernate.service.spi.ServiceBinding::getService (5 bytes)
Event: 47.008 Thread 0x00007f639412e6c0 nmethod 6306 0x00007f638979b690 code [0x00007f638979b820, 0x00007f638979b8f0]
Event: 47.016 Thread 0x00007f639412e6c0 6307       1       java.util.concurrent.ScheduledThreadPoolExecutor$ScheduledFutureTask::compareTo (9 bytes)
Event: 47.016 Thread 0x00007f639412e6c0 nmethod 6307 0x00007f638979b010 code [0x00007f638979b1c0, 0x00007f638979b2e0]
Event: 47.016 Thread 0x00007f639412e6c0 6308       1       java.util.concurrent.ScheduledThreadPoolExecutor$ScheduledFutureTask::compareTo (101 bytes)
Event: 47.017 Thread 0x00007f639412e6c0 nmethod 6308 0x00007f638979a890 code [0x00007f638979aa80, 0x00007f638979aed0]
Event: 47.026 Thread 0x00007f639412e6c0 6310       1       java.lang.invoke.MethodHandle::asType (28 bytes)
Event: 47.026 Thread 0x00007f639412e6c0 nmethod 6310 0x00007f638979a490 code [0x00007f638979a640, 0x00007f638979a7c0]
Event: 47.027 Thread 0x00007f639412e6c0 6311       1       java.util.concurrent.locks.ReentrantLock$Sync::isHeldExclusively (16 bytes)
Event: 47.027 Thread 0x00007f639412e6c0 nmethod 6311 0x00007f638979a190 code [0x00007f638979a320, 0x00007f638979a410]
Event: 47.124 Thread 0x00007f639412e6c0 6312       1       org.springframework.core.io.support.SpringFactoriesLoader$$Lambda$113/0x00007f63280e6e98::apply (8 bytes)
Event: 47.124 Thread 0x00007f639412e6c0 nmethod 6312 0x00007f6389799d90 code [0x00007f6389799f40, 0x00007f638979a0b0]
Event: 47.125 Thread 0x00007f639412e6c0 6313       1       org.springframework.core.io.support.SpringFactoriesLoader$$Lambda$114/0x00007f63280e70d8::accept (14 bytes)
Event: 47.125 Thread 0x00007f639412e6c0 nmethod 6313 0x00007f6389799a10 code [0x00007f6389799bc0, 0x00007f6389799ce0]
Event: 47.126 Thread 0x00007f639412e6c0 6314       1       java.util.stream.DistinctOps$1$2::accept (24 bytes)
Event: 47.126 Thread 0x00007f639412e6c0 nmethod 6314 0x00007f6389799690 code [0x00007f6389799840, 0x00007f6389799970]
Event: 47.126 Thread 0x00007f639412e6c0 6315       1       java.util.ImmutableCollections$ListN::<init> (15 bytes)
Event: 47.126 Thread 0x00007f639412e6c0 nmethod 6315 0x00007f6389799390 code [0x00007f6389799520, 0x00007f6389799630]

GC Heap History (20 events):
Event: 2.631 GC heap before
{Heap before GC invocations=7 (full 0):
 garbage-first heap   total 55296K, used 38699K [0x0000000094c00000, 0x0000000100000000)
  region size 1024K, 24 young (24576K), 4 survivors (4096K)
 Metaspace       used 31890K, committed 32320K, reserved 1114112K
  class space    used 4534K, committed 4736K, reserved 1048576K
}
Event: 2.636 GC heap after
{Heap after GC invocations=8 (full 0):
 garbage-first heap   total 66560K, used 20397K [0x0000000094c00000, 0x0000000100000000)
  region size 1024K, 2 young (2048K), 2 survivors (2048K)
 Metaspace       used 31890K, committed 32320K, reserved 1114112K
  class space    used 4534K, committed 4736K, reserved 1048576K
}
Event: 2.836 GC heap before
{Heap before GC invocations=8 (full 0):
 garbage-first heap   total 66560K, used 33709K [0x0000000094c00000, 0x0000000100000000)
  region size 1024K, 17 young (17408K), 2 survivors (2048K)
 Metaspace       used 35540K, committed 35968K, reserved 1114112K
  class space    used 5124K, committed 5312K, reserved 1048576K
}
Event: 2.839 GC heap after
{Heap after GC invocations=9 (full 0):
 garbage-first heap   total 66560K, used 21046K [0x0000000094c00000, 0x0000000100000000)
  region size 1024K, 2 young (2048K), 2 survivors (2048K)
 Metaspace       used 35540K, committed 35968K, reserved 1114112K
  class space    used 5124K, committed 5312K, reserved 1048576K
}
Event: 3.248 GC heap before
{Heap before GC invocations=10 (full 0):
 garbage-first heap   total 66560K, used 48694K [0x0000000094c00000, 0x0000000100000000)
  region size 1024K, 30 young (30720K), 2 survivors (2048K)
 Metaspace       used 42748K, committed 43264K, reserved 1114112K
  class space    used 6115K, committed 6336K, reserved 1048576K
}
Event: 3.251 GC heap after
{Heap after GC invocations=11 (full 0):
 garbage-first heap   total 66560K, used 23045K [0x0000000094c00000, 0x0000000100000000)
  region size 1024K, 4 young (4096K), 4 survivors (4096K)
 Metaspace       used 42748K, committed 43264K, reserved 1114112K
  class space    used 6115K, committed 6336K, reserved 1048576K
}
Event: 3.263 GC heap before
{Heap before GC invocations=11 (full 0):
 garbage-first heap   total 66560K, used 23045K [0x0000000094c00000, 0x0000000100000000)
  region size 1024K, 5 young (5120K), 4 survivors (4096K)
 Metaspace       used 42976K, committed 43456K, reserved 1114112K
  class space    used 6152K, committed 6400K, reserved 1048576K
}
Event: 3.267 GC heap after
{Heap after GC invocations=12 (full 0):
 garbage-first heap   total 66560K, used 23261K [0x0000000094c00000, 0x0000000100000000)
  region size 1024K, 1 young (1024K), 1 survivors (1024K)
 Metaspace       used 42976K, committed 43456K, reserved 1114112K
  class space    used 6152K, committed 6400K, reserved 1048576K
}
Event: 3.633 GC heap before
{Heap before GC invocations=12 (full 0):
 garbage-first heap   total 66560K, used 49885K [0x0000000094c00000, 0x0000000100000000)
  region size 1024K, 27 young (27648K), 1 survivors (1024K)
 Metaspace       used 49232K, committed 49728K, reserved 1114112K
  class space    used 7239K, committed 7488K, reserved 1048576K
}
Event: 3.637 GC heap after
{Heap after GC invocations=13 (full 0):
 garbage-first heap   total 66560K, used 24036K [0x0000000094c00000, 0x0000000100000000)
  region size 1024K, 2 young (2048K), 2 survivors (2048K)
 Metaspace       used 49232K, committed 49728K, reserved 1114112K
  class space    used 7239K, committed 7488K, reserved 1048576K
}
Event: 4.136 GC heap before
{Heap before GC invocations=14 (full 0):
 garbage-first heap   total 66560K, used 49636K [0x0000000094c00000, 0x0000000100000000)
  region size 1024K, 28 young (28672K), 2 survivors (2048K)
 Metaspace       used 52916K, committed 53440K, reserved 1114112K
  class space    used 7796K, committed 8064K, reserved 1048576K
}
Event: 4.140 GC heap after
{Heap after GC invocations=15 (full 0):
 garbage-first heap   total 66560K, used 25585K [0x0000000094c00000, 0x0000000100000000)
  region size 1024K, 3 young (3072K), 3 survivors (3072K)
 Metaspace       used 52916K, committed 53440K, reserved 1114112K
  class space    used 7796K, committed 8064K, reserved 1048576K
}
Event: 4.411 GC heap before
{Heap before GC invocations=15 (full 0):
 garbage-first heap   total 66560K, used 50161K [0x0000000094c00000, 0x0000000100000000)
  region size 1024K, 28 young (28672K), 3 survivors (3072K)
 Metaspace       used 55763K, committed 56320K, reserved 1114112K
  class space    used 8218K, committed 8448K, reserved 1048576K
}
Event: 4.415 GC heap after
{Heap after GC invocations=16 (full 0):
 garbage-first heap   total 66560K, used 26916K [0x0000000094c00000, 0x0000000100000000)
  region size 1024K, 3 young (3072K), 3 survivors (3072K)
 Metaspace       used 55763K, committed 56320K, reserved 1114112K
  class space    used 8218K, committed 8448K, reserved 1048576K
}
Event: 4.530 GC heap before
{Heap before GC invocations=16 (full 0):
 garbage-first heap   total 66560K, used 51492K [0x0000000094c00000, 0x0000000100000000)
  region size 1024K, 27 young (27648K), 3 survivors (3072K)
 Metaspace       used 56009K, committed 56576K, reserved 1114112K
  class space    used 8244K, committed 8512K, reserved 1048576K
}
Event: 4.534 GC heap after
{Heap after GC invocations=17 (full 0):
 garbage-first heap   total 66560K, used 27708K [0x0000000094c00000, 0x0000000100000000)
  region size 1024K, 3 young (3072K), 3 survivors (3072K)
 Metaspace       used 56009K, committed 56576K, reserved 1114112K
  class space    used 8244K, committed 8512K, reserved 1048576K
}
Event: 4.753 GC heap before
{Heap before GC invocations=17 (full 0):
 garbage-first heap   total 66560K, used 52284K [0x0000000094c00000, 0x0000000100000000)
  region size 1024K, 27 young (27648K), 3 survivors (3072K)
 Metaspace       used 57596K, committed 58112K, reserved 1114112K
  class space    used 8481K, committed 8704K, reserved 1048576K
}
Event: 4.757 GC heap after
{Heap after GC invocations=18 (full 0):
 garbage-first heap   total 120832K, used 28914K [0x0000000094c00000, 0x0000000100000000)
  region size 1024K, 4 young (4096K), 4 survivors (4096K)
 Metaspace       used 57596K, committed 58112K, reserved 1114112K
  class space    used 8481K, committed 8704K, reserved 1048576K
}
Event: 47.039 GC heap before
{Heap before GC invocations=18 (full 0):
 garbage-first heap   total 120832K, used 84210K [0x0000000094c00000, 0x0000000100000000)
  region size 1024K, 59 young (60416K), 4 survivors (4096K)
 Metaspace       used 61338K, committed 61952K, reserved 1114112K
  class space    used 9083K, committed 9344K, reserved 1048576K
}
Event: 47.117 GC heap after
{Heap after GC invocations=19 (full 1):
 garbage-first heap   total 92160K, used 25703K [0x0000000094c00000, 0x0000000100000000)
  region size 1024K, 0 young (0K), 0 survivors (0K)
 Metaspace       used 61325K, committed 61952K, reserved 1114112K
  class space    used 9081K, committed 9344K, reserved 1048576K
}

Deoptimization events (14 events):
Event: 1.097 Thread 0x00007f62ec002330 DEOPT PACKING pc=0x00007f6389b7de79 sp=0x00007f6374ffa1b0
Event: 1.097 Thread 0x00007f62ec002330 DEOPT UNPACKING pc=0x00007f638965282f sp=0x00007f6374ff96b0 mode 3
Event: 2.508 Thread 0x00007f62ec002330 DEOPT PACKING pc=0x00007f6389ea16b5 sp=0x00007f6374ff9580
Event: 2.508 Thread 0x00007f62ec002330 DEOPT UNPACKING pc=0x00007f638965282f sp=0x00007f6374ff8b08 mode 3
Event: 3.018 Thread 0x00007f62ec002330 DEOPT PACKING pc=0x00007f6389ba56f9 sp=0x00007f6374ffa7f0
Event: 3.018 Thread 0x00007f62ec002330 DEOPT UNPACKING pc=0x00007f638965282f sp=0x00007f6374ff9ca0 mode 3
Event: 3.018 Thread 0x00007f62e0cc9390 DEOPT PACKING pc=0x00007f6389af1d0e sp=0x00007f6326dfc5f0
Event: 3.018 Thread 0x00007f62e0cc9390 DEOPT UNPACKING pc=0x00007f638965282f sp=0x00007f6326dfba68 mode 3
Event: 4.205 Thread 0x00007f62ec002330 DEOPT PACKING pc=0x00007f6389b852b4 sp=0x00007f6374ff9200
Event: 4.205 Thread 0x00007f62ec002330 DEOPT UNPACKING pc=0x00007f638965282f sp=0x00007f6374ff8778 mode 0
Event: 4.362 Thread 0x00007f62ec002330 DEOPT PACKING pc=0x00007f6389bf3728 sp=0x00007f6374ff9690
Event: 4.362 Thread 0x00007f62ec002330 DEOPT UNPACKING pc=0x00007f638965282f sp=0x00007f6374ff8bc8 mode 3
Event: 4.429 Thread 0x00007f62ec002330 DEOPT PACKING pc=0x00007f638a1222f9 sp=0x00007f6374ff9bd0
Event: 4.429 Thread 0x00007f62ec002330 DEOPT UNPACKING pc=0x00007f638965282f sp=0x00007f6374ff90d0 mode 3

Classes unloaded (4 events):
Event: 47.066 Thread 0x00007f639411fdf0 Unloading class 0x00007f6328840400 'jdk/internal/reflect/GeneratedSerializationConstructorAccessor38'
Event: 47.066 Thread 0x00007f639411fdf0 Unloading class 0x00007f6328840000 'jdk/internal/reflect/GeneratedSerializationConstructorAccessor37'
Event: 47.066 Thread 0x00007f639411fdf0 Unloading class 0x00007f632883c400 'jdk/internal/reflect/GeneratedSerializationConstructorAccessor36'
Event: 47.066 Thread 0x00007f639411fdf0 Unloading class 0x00007f6328834400 'jdk/internal/reflect/GeneratedSerializationConstructorAccessor35'

Classes redefined (0 events):
No events

Internal exceptions (20 events):
Event: 4.321 Thread 0x00007f62ec002330 Exception <a 'java/lang/NoSuchMethodError'{0x0000000097a6a088}: 'java.lang.Object java.lang.invoke.DirectMethodHandle$Holder.newInvokeSpecial(java.lang.Object, java.lang.Object, int)'> (0x0000000097a6a088) 
thrown [open/src/hotspot/share/interpreter/linkResolver.cpp, line 758]
Event: 4.324 Thread 0x00007f62ec002330 Exception <a 'java/lang/IncompatibleClassChangeError'{0x0000000097a97e70}: Found class java.lang.Object, but interface was expected> (0x0000000097a97e70) 
thrown [open/src/hotspot/share/interpreter/linkResolver.cpp, line 826]
Event: 4.344 Thread 0x00007f62ec002330 Exception <a 'java/lang/NoSuchMethodError'{0x00000000979d0408}: 'java.lang.Object java.lang.invoke.DirectMethodHandle$Holder.invokeStatic(java.lang.Object, int, java.lang.Object)'> (0x00000000979d0408) 
thrown [open/src/hotspot/share/interpreter/linkResolver.cpp, line 758]
Event: 4.350 Thread 0x00007f62ec002330 Exception <a 'java/lang/reflect/InvocationTargetException'{0x000000009782f360}> (0x000000009782f360) 
thrown [open/src/hotspot/share/runtime/reflection.cpp, line 1119]
Event: 4.355 Thread 0x00007f62ec002330 Exception <a 'java/lang/reflect/InvocationTargetException'{0x00000000978660a0}> (0x00000000978660a0) 
thrown [open/src/hotspot/share/runtime/reflection.cpp, line 1119]
Event: 4.453 Thread 0x00007f62ec002330 Exception <a 'java/lang/reflect/InvocationTargetException'{0x00000000982308d0}> (0x00000000982308d0) 
thrown [open/src/hotspot/share/runtime/reflection.cpp, line 1119]
Event: 4.482 Thread 0x00007f62ec002330 Exception <a 'java/lang/reflect/InvocationTargetException'{0x0000000097b76748}> (0x0000000097b76748) 
thrown [open/src/hotspot/share/runtime/reflection.cpp, line 1119]
Event: 4.486 Thread 0x00007f62ec002330 Exception <a 'java/lang/reflect/InvocationTargetException'{0x0000000097b8e500}> (0x0000000097b8e500) 
thrown [open/src/hotspot/share/runtime/reflection.cpp, line 1119]
Event: 4.510 Thread 0x00007f62ec002330 Exception <a 'java/lang/reflect/InvocationTargetException'{0x00000000975a88e8}> (0x00000000975a88e8) 
thrown [open/src/hotspot/share/runtime/reflection.cpp, line 1119]
Event: 4.558 Thread 0x00007f62ec002330 Exception <a 'java/lang/reflect/InvocationTargetException'{0x0000000098659fd8}> (0x0000000098659fd8) 
thrown [open/src/hotspot/share/runtime/reflection.cpp, line 1119]
Event: 4.561 Thread 0x00007f62ec002330 Exception <a 'java/lang/reflect/InvocationTargetException'{0x000000009866f518}> (0x000000009866f518) 
thrown [open/src/hotspot/share/runtime/reflection.cpp, line 1119]
Event: 4.699 Thread 0x00007f62ec002330 Exception <a 'java/lang/IncompatibleClassChangeError'{0x000000009774e638}: Found class java.lang.Object, but interface was expected> (0x000000009774e638) 
thrown [open/src/hotspot/share/interpreter/linkResolver.cpp, line 826]
Event: 4.712 Thread 0x00007f62ec002330 Exception <a 'java/lang/NoSuchMethodError'{0x000000009763ff40}: 'java.lang.Object java.lang.invoke.DirectMethodHandle$Holder.invokeInterface(java.lang.Object, java.lang.Object, java.lang.Object, java.lang.Object)'> (0x000000009763ff40) 
thrown [open/src/hotspot/share/interpreter/linkResolver.cpp, line 758]
Event: 4.776 Thread 0x00007f62f4001fb0 Exception <a 'java/lang/reflect/InvocationTargetException'{0x000000009bedd230}> (0x000000009bedd230) 
thrown [open/src/hotspot/share/runtime/reflection.cpp, line 1119]
Event: 5.221 Thread 0x00007f62ec002330 Exception <a 'java/lang/NoSuchMethodError'{0x00000000995bdbd8}: 'java.lang.Object java.lang.invoke.DirectMethodHandle$Holder.newInvokeSpecial(java.lang.Object, java.lang.Object, int, java.lang.Object, java.lang.Object)'> (0x00000000995bdbd8) 
thrown [open/src/hotspot/share/interpreter/linkResolver.cpp, line 758]
Event: 5.221 Thread 0x00007f62ec002330 Exception <a 'java/lang/NoSuchMethodError'{0x00000000995c8f68}: 'java.lang.Object java.lang.invoke.DirectMethodHandle$Holder.invokeSpecial(java.lang.Object, java.lang.Object, int, java.lang.Object, int, java.lang.Object)'> (0x00000000995c8f68) 
thrown [open/src/hotspot/share/interpreter/linkResolver.cpp, line 758]
Event: 5.222 Thread 0x00007f62ec002330 Exception <a 'java/lang/NoSuchMethodError'{0x00000000995d0f88}: 'java.lang.Object java.lang.invoke.DirectMethodHandle$Holder.newInvokeSpecial(java.lang.Object, java.lang.Object, int, java.lang.Object, int)'> (0x00000000995d0f88) 
thrown [open/src/hotspot/share/interpreter/linkResolver.cpp, line 758]
Event: 5.222 Thread 0x00007f62ec002330 Exception <a 'java/lang/NoSuchMethodError'{0x00000000995d5088}: 'java.lang.Object java.lang.invoke.DirectMethodHandle$Holder.invokeSpecial(java.lang.Object, java.lang.Object, java.lang.Object, int, java.lang.Object, int)'> (0x00000000995d5088) 
thrown [open/src/hotspot/share/interpreter/linkResolver.cpp, line 758]
Event: 46.993 Thread 0x00007f62e0a2fdf0 Exception <a 'java/lang/InterruptedException'{0x0000000098a53ee0}: sleep interrupted> (0x0000000098a53ee0) 
thrown [open/src/hotspot/share/prims/jvm.cpp, line 3070]
Event: 47.015 Thread 0x00007f629c003f00 Exception <a 'java/lang/NoSuchMethodError'{0x0000000098ad7048}: 'int java.lang.invoke.DirectMethodHandle$Holder.invokeStatic(java.lang.Object, int, java.lang.Object)'> (0x0000000098ad7048) 
thrown [open/src/hotspot/share/interpreter/linkResolver.cpp, line 758]

VM Operations (20 events):
Event: 4.705 Executing VM operation: HandshakeAllThreads
Event: 4.706 Executing VM operation: HandshakeAllThreads done
Event: 4.753 Executing VM operation: G1CollectForAllocation
Event: 4.757 Executing VM operation: G1CollectForAllocation done
Event: 4.766 Executing VM operation: HandshakeAllThreads
Event: 4.766 Executing VM operation: HandshakeAllThreads done
Event: 5.247 Executing VM operation: HandshakeAllThreads
Event: 5.247 Executing VM operation: HandshakeAllThreads done
Event: 6.247 Executing VM operation: Cleanup
Event: 6.248 Executing VM operation: Cleanup done
Event: 7.248 Executing VM operation: Cleanup
Event: 7.248 Executing VM operation: Cleanup done
Event: 16.249 Executing VM operation: Cleanup
Event: 16.249 Executing VM operation: Cleanup done
Event: 19.250 Executing VM operation: Cleanup
Event: 19.250 Executing VM operation: Cleanup done
Event: 28.250 Executing VM operation: Cleanup
Event: 28.250 Executing VM operation: Cleanup done
Event: 47.039 Executing VM operation: G1CollectFull
Event: 47.118 Executing VM operation: G1CollectFull done

Events (20 events):
Event: 47.005 loading class java/util/AbstractMap$2 done
Event: 47.007 loading class java/util/AbstractMap$2$1
Event: 47.007 loading class java/util/AbstractMap$2$1 done
Event: 47.012 loading class jdk/internal/reflect/UnsafeQualifiedObjectFieldAccessorImpl
Event: 47.012 loading class jdk/internal/reflect/UnsafeQualifiedFieldAccessorImpl
Event: 47.012 loading class jdk/internal/reflect/UnsafeQualifiedFieldAccessorImpl done
Event: 47.012 loading class jdk/internal/reflect/UnsafeQualifiedObjectFieldAccessorImpl done
Event: 47.014 Thread 0x00007f62f80bf020 Thread added: 0x00007f62f80bf020
Event: 47.015 Thread 0x00007f62e0cc9390 Thread exited: 0x00007f62e0cc9390
Event: 47.017 Protecting memory [0x00007f63740f0000,0x00007f63740f4000] with protection modes 0
Event: 47.030 Thread 0x00007f62f80bf020 Thread exited: 0x00007f62f80bf020
Event: 47.118 loading class java/lang/ref/Finalizer$2
Event: 47.118 loading class java/lang/ref/Finalizer$2 done
Event: 47.118 loading class java/lang/ref/Finalizer$1
Event: 47.118 loading class java/lang/ref/Finalizer$1 done
Event: 47.119 Thread 0x00007f62f80bf020 Thread added: 0x00007f62f80bf020
Event: 47.120 Protecting memory [0x00007f63740f0000,0x00007f63740f4000] with protection modes 0
Event: 47.120 Thread 0x00007f62f80bf020 Thread exited: 0x00007f62f80bf020
Event: 47.121 Thread 0x00007f62f80bf020 Thread added: 0x00007f62f80bf020
Event: 47.121 Protecting memory [0x00007f63740f0000,0x00007f63740f4000] with protection modes 0


Dynamic libraries:
94c00000-9c000000 rw-p 00000000 00:00 0 
9c000000-ffe00000 ---p 00000000 00:00 0 
ffe00000-ffe77000 rw-p 00caa000 103:03 1058522                           /usr/lib/jvm/jdk-17-oracle-x64/lib/server/classes.jsa
ffe77000-fff00000 rw-p 00000000 00:00 0 
fff00000-fff84000 rw-p 00c26000 103:03 1058522                           /usr/lib/jvm/jdk-17-oracle-x64/lib/server/classes.jsa
fff84000-100000000 rw-p 00000000 00:00 0 
5578289d8000-5578289d9000 r-xp 00000000 103:03 1058320                   /usr/lib/jvm/jdk-17-oracle-x64/bin/java
5578289da000-5578289db000 r--p 00001000 103:03 1058320                   /usr/lib/jvm/jdk-17-oracle-x64/bin/java
5578289db000-5578289dc000 rw-p 00002000 103:03 1058320                   /usr/lib/jvm/jdk-17-oracle-x64/bin/java
557828b0c000-557828b2d000 rw-p 00000000 00:00 0                          [heap]
7f6260000000-7f6260021000 rw-p 00000000 00:00 0 
7f6260021000-7f6264000000 ---p 00000000 00:00 0 
7f6268000000-7f6268021000 rw-p 00000000 00:00 0 
7f6268021000-7f626c000000 ---p 00000000 00:00 0 
7f626c000000-7f626c021000 rw-p 00000000 00:00 0 
7f626c021000-7f6270000000 ---p 00000000 00:00 0 
7f6270000000-7f6270021000 rw-p 00000000 00:00 0 
7f6270021000-7f6274000000 ---p 00000000 00:00 0 
7f6274000000-7f6274021000 rw-p 00000000 00:00 0 
7f6274021000-7f6278000000 ---p 00000000 00:00 0 
7f6278000000-7f6278021000 rw-p 00000000 00:00 0 
7f6278021000-7f627c000000 ---p 00000000 00:00 0 
7f627c000000-7f627c021000 rw-p 00000000 00:00 0 
7f627c021000-7f6280000000 ---p 00000000 00:00 0 
7f6280000000-7f6280021000 rw-p 00000000 00:00 0 
7f6280021000-7f6284000000 ---p 00000000 00:00 0 
7f6284000000-7f6284021000 rw-p 00000000 00:00 0 
7f6284021000-7f6288000000 ---p 00000000 00:00 0 
7f6288000000-7f6288021000 rw-p 00000000 00:00 0 
7f6288021000-7f628c000000 ---p 00000000 00:00 0 
7f628c000000-7f628c021000 rw-p 00000000 00:00 0 
7f628c021000-7f6290000000 ---p 00000000 00:00 0 
7f6290000000-7f6290021000 rw-p 00000000 00:00 0 
7f6290021000-7f6294000000 ---p 00000000 00:00 0 
7f6294000000-7f6294021000 rw-p 00000000 00:00 0 
7f6294021000-7f6298000000 ---p 00000000 00:00 0 
7f6298000000-7f6298021000 rw-p 00000000 00:00 0 
7f6298021000-7f629c000000 ---p 00000000 00:00 0 
7f629c000000-7f629c021000 rw-p 00000000 00:00 0 
7f629c021000-7f62a0000000 ---p 00000000 00:00 0 
7f62a0000000-7f62a0021000 rw-p 00000000 00:00 0 
7f62a0021000-7f62a4000000 ---p 00000000 00:00 0 
7f62a4000000-7f62a4021000 rw-p 00000000 00:00 0 
7f62a4021000-7f62a8000000 ---p 00000000 00:00 0 
7f62a8000000-7f62a8021000 rw-p 00000000 00:00 0 
7f62a8021000-7f62ac000000 ---p 00000000 00:00 0 
7f62ac000000-7f62ac153000 rw-p 00000000 00:00 0 
7f62ac153000-7f62b0000000 ---p 00000000 00:00 0 
7f62b0000000-7f62b0031000 rw-p 00000000 00:00 0 
7f62b0031000-7f62b4000000 ---p 00000000 00:00 0 
7f62b4000000-7f62b4021000 rw-p 00000000 00:00 0 
7f62b4021000-7f62b8000000 ---p 00000000 00:00 0 
7f62b8000000-7f62b802f000 rw-p 00000000 00:00 0 
7f62b802f000-7f62bc000000 ---p 00000000 00:00 0 
7f62bc000000-7f62bc032000 rw-p 00000000 00:00 0 
7f62bc032000-7f62c0000000 ---p 00000000 00:00 0 
7f62c0000000-7f62c027a000 rw-p 00000000 00:00 0 
7f62c027a000-7f62c4000000 ---p 00000000 00:00 0 
7f62c4000000-7f62c4034000 rw-p 00000000 00:00 0 
7f62c4034000-7f62c8000000 ---p 00000000 00:00 0 
7f62c8000000-7f62c8021000 rw-p 00000000 00:00 0 
7f62c8021000-7f62cc000000 ---p 00000000 00:00 0 
7f62cc000000-7f62cc021000 rw-p 00000000 00:00 0 
7f62cc021000-7f62d0000000 ---p 00000000 00:00 0 
7f62d0000000-7f62d0021000 rw-p 00000000 00:00 0 
7f62d0021000-7f62d4000000 ---p 00000000 00:00 0 
7f62d4000000-7f62d4021000 rw-p 00000000 00:00 0 
7f62d4021000-7f62d8000000 ---p 00000000 00:00 0 
7f62d8000000-7f62d8070000 rw-p 00000000 00:00 0 
7f62d8070000-7f62dc000000 ---p 00000000 00:00 0 
7f62dc000000-7f62dc021000 rw-p 00000000 00:00 0 
7f62dc021000-7f62e0000000 ---p 00000000 00:00 0 
7f62e0000000-7f62e14d5000 rw-p 00000000 00:00 0 
7f62e14d5000-7f62e4000000 ---p 00000000 00:00 0 
7f62e4000000-7f62e4047000 rw-p 00000000 00:00 0 
7f62e4047000-7f62e8000000 ---p 00000000 00:00 0 
7f62e8000000-7f62e8021000 rw-p 00000000 00:00 0 
7f62e8021000-7f62ec000000 ---p 00000000 00:00 0 
7f62ec000000-7f62ec021000 rw-p 00000000 00:00 0 
7f62ec021000-7f62f0000000 ---p 00000000 00:00 0 
7f62f0000000-7f62f0021000 rw-p 00000000 00:00 0 
7f62f0021000-7f62f4000000 ---p 00000000 00:00 0 
7f62f4000000-7f62f4021000 rw-p 00000000 00:00 0 
7f62f4021000-7f62f8000000 ---p 00000000 00:00 0 
7f62f8000000-7f62f81ba000 rw-p 00000000 00:00 0 
7f62f81ba000-7f62fc000000 ---p 00000000 00:00 0 
7f62fc000000-7f62fc021000 rw-p 00000000 00:00 0 
7f62fc021000-7f6300000000 ---p 00000000 00:00 0 
7f6300000000-7f6300021000 rw-p 00000000 00:00 0 
7f6300021000-7f6304000000 ---p 00000000 00:00 0 
7f6304000000-7f6304021000 rw-p 00000000 00:00 0 
7f6304021000-7f6308000000 ---p 00000000 00:00 0 
7f6308000000-7f6308021000 rw-p 00000000 00:00 0 
7f6308021000-7f630c000000 ---p 00000000 00:00 0 
7f630c000000-7f630c2ab000 rw-p 00000000 00:00 0 
7f630c2ab000-7f6310000000 ---p 00000000 00:00 0 
7f6310000000-7f6310021000 rw-p 00000000 00:00 0 
7f6310021000-7f6314000000 ---p 00000000 00:00 0 
7f6314000000-7f6314021000 rw-p 00000000 00:00 0 
7f6314021000-7f6318000000 ---p 00000000 00:00 0 
7f6318000000-7f6318021000 rw-p 00000000 00:00 0 
7f6318021000-7f631c000000 ---p 00000000 00:00 0 
7f631c000000-7f631c021000 rw-p 00000000 00:00 0 
7f631c021000-7f6320000000 ---p 00000000 00:00 0 
7f6320000000-7f6320075000 rw-p 00000000 00:00 0 
7f6320075000-7f6324000000 ---p 00000000 00:00 0 
7f6325b95000-7f6325dfe000 rw-p 00000000 00:00 0 
7f6325dfe000-7f6325e02000 ---p 00000000 00:00 0 
7f6325e02000-7f6325efe000 rw-p 00000000 00:00 0 
7f6325efe000-7f6325f02000 ---p 00000000 00:00 0 
7f6325f02000-7f6325ffe000 rw-p 00000000 00:00 0 
7f6325ffe000-7f6326002000 ---p 00000000 00:00 0 
7f6326002000-7f63260fe000 rw-p 00000000 00:00 0 
7f63260fe000-7f6326102000 ---p 00000000 00:00 0 
7f6326102000-7f63261fe000 rw-p 00000000 00:00 0 
7f63261fe000-7f6326202000 ---p 00000000 00:00 0 
7f6326202000-7f63262fe000 rw-p 00000000 00:00 0 
7f63262fe000-7f6326302000 ---p 00000000 00:00 0 
7f6326302000-7f63263fe000 rw-p 00000000 00:00 0 
7f63263fe000-7f6326402000 ---p 00000000 00:00 0 
7f6326402000-7f63264fe000 rw-p 00000000 00:00 0 
7f63264fe000-7f6326502000 ---p 00000000 00:00 0 
7f6326502000-7f63265fe000 rw-p 00000000 00:00 0 
7f63265fe000-7f6326602000 ---p 00000000 00:00 0 
7f6326602000-7f63266fe000 rw-p 00000000 00:00 0 
7f63266fe000-7f6326702000 ---p 00000000 00:00 0 
7f6326702000-7f63267fe000 rw-p 00000000 00:00 0 
7f63267fe000-7f6326802000 ---p 00000000 00:00 0 
7f6326802000-7f63268fe000 rw-p 00000000 00:00 0 
7f63268fe000-7f6326902000 ---p 00000000 00:00 0 
7f6326902000-7f63269fe000 rw-p 00000000 00:00 0 
7f63269fe000-7f6326a02000 ---p 00000000 00:00 0 
7f6326a02000-7f6326afe000 rw-p 00000000 00:00 0 
7f6326afe000-7f6326b02000 ---p 00000000 00:00 0 
7f6326b02000-7f6326bfe000 rw-p 00000000 00:00 0 
7f6326bfe000-7f6326c02000 ---p 00000000 00:00 0 
7f6326c02000-7f6326cfe000 rw-p 00000000 00:00 0 
7f6326cfe000-7f6326d02000 ---p 00000000 00:00 0 
7f6326d02000-7f6326dfe000 rw-p 00000000 00:00 0 
7f6326dfe000-7f6326e02000 ---p 00000000 00:00 0 
7f6326e02000-7f6326efe000 rw-p 00000000 00:00 0 
7f6326efe000-7f6326eff000 ---p 00000000 00:00 0 
7f6326eff000-7f6327000000 rw-p 00000000 00:00 0 
7f6327000000-7f6327bed000 rw-p 00001000 103:03 1058522                   /usr/lib/jvm/jdk-17-oracle-x64/lib/server/classes.jsa
7f6327bed000-7f6328000000 ---p 00000000 00:00 0 
7f6328000000-7f6328010000 rw-p 00000000 00:00 0 
7f6328010000-7f6328030000 rw-p 00000000 00:00 0 
7f6328030000-7f63280b0000 rw-p 00000000 00:00 0 
7f63280b0000-7f6328230000 rw-p 00000000 00:00 0 
7f6328230000-7f6328270000 rw-p 00000000 00:00 0 
7f6328270000-7f6328570000 rw-p 00000000 00:00 0 
7f6328570000-7f63288f0000 rw-p 00000000 00:00 0 
7f63288f0000-7f6328900000 ---p 00000000 00:00 0 
7f6328900000-7f6328930000 rw-p 00000000 00:00 0 
7f6328930000-7f6368000000 ---p 00000000 00:00 0 
7f6368000000-7f6368021000 rw-p 00000000 00:00 0 
7f6368021000-7f636c000000 ---p 00000000 00:00 0 
7f636c000000-7f636c3f0000 rw-p 00000000 00:00 0 
7f636c3f0000-7f636c4f0000 rw-p 00000000 00:00 0 
7f636c4f0000-7f636c5f0000 rw-p 00000000 00:00 0 
7f636c5f0000-7f636cbd0000 rw-p 00000000 00:00 0 
7f636cbd0000-7f636cbf0000 rw-p 00000000 00:00 0 
7f636cbf0000-7f636ccf0000 rw-p 00000000 00:00 0 
7f636ccf0000-7f636cdf0000 rw-p 00000000 00:00 0 
7f636cdf0000-7f636d7f0000 rw-p 00000000 00:00 0 
7f636d7f0000-7f636f2f0000 rw-p 00000000 00:00 0 
7f636f2f0000-7f636f350000 rw-p 00000000 00:00 0 
7f636f350000-7f636f400000 ---p 00000000 00:00 0 
7f636f400000-7f636f410000 rw-p 00000000 00:00 0 
7f636f410000-7f6370000000 ---p 00000000 00:00 0 
7f6370000000-7f6370021000 rw-p 00000000 00:00 0 
7f6370021000-7f6374000000 ---p 00000000 00:00 0 
7f63740f0000-7f63740f4000 ---p 00000000 00:00 0 
7f63740f4000-7f63741f0000 rw-p 00000000 00:00 0 
7f63741f0000-7f63741f4000 ---p 00000000 00:00 0 
7f63741f4000-7f63742f0000 rw-p 00000000 00:00 0 
7f63742f0000-7f63742f4000 ---p 00000000 00:00 0 
7f63742f4000-7f63743f0000 rw-p 00000000 00:00 0 
7f63743f0000-7f63743f4000 ---p 00000000 00:00 0 
7f63743f4000-7f63744f0000 rw-p 00000000 00:00 0 
7f63744f0000-7f63744f1000 ---p 00000000 00:00 0 
7f63744f1000-7f63745f2000 rw-p 00000000 00:00 0 
7f63745f2000-7f63745f3000 ---p 00000000 00:00 0 
7f63745f3000-7f63746f4000 rw-p 00000000 00:00 0 
7f63746f4000-7f63746f8000 ---p 00000000 00:00 0 
7f63746f8000-7f63747f4000 rw-p 00000000 00:00 0 
7f63747f4000-7f63747f5000 ---p 00000000 00:00 0 
7f63747f5000-7f63748f6000 rw-p 00000000 00:00 0 
7f63748f6000-7f63748f7000 ---p 00000000 00:00 0 
7f63748f7000-7f63749f8000 rw-p 00000000 00:00 0 
7f63749f8000-7f63749f9000 ---p 00000000 00:00 0 
7f63749f9000-7f6374afa000 rw-p 00000000 00:00 0 
7f6374afa000-7f6374afb000 ---p 00000000 00:00 0 
7f6374afb000-7f6374bfc000 rw-p 00000000 00:00 0 
7f6374bfc000-7f6374bfd000 ---p 00000000 00:00 0 
7f6374bfd000-7f6374cfe000 rw-p 00000000 00:00 0 
7f6374cfe000-7f6374d02000 ---p 00000000 00:00 0 
7f6374d02000-7f6374dfe000 rw-p 00000000 00:00 0 
7f6374dfe000-7f6374e02000 ---p 00000000 00:00 0 
7f6374e02000-7f6374efe000 rw-p 00000000 00:00 0 
7f6374efe000-7f6374f02000 ---p 00000000 00:00 0 
7f6374f02000-7f6374ffe000 rw-p 00000000 00:00 0 
7f6374ffe000-7f6375002000 ---p 00000000 00:00 0 
7f6375002000-7f63750fe000 rw-p 00000000 00:00 0 
7f63750fe000-7f63750ff000 ---p 00000000 00:00 0 
7f63750ff000-7f6375200000 rw-p 00000000 00:00 0 
7f6375200000-7f6375204000 ---p 00000000 00:00 0 
7f6375204000-7f6375300000 rw-p 00000000 00:00 0 
7f6375300000-7f6375304000 ---p 00000000 00:00 0 
7f6375304000-7f6375400000 rw-p 00000000 00:00 0 
7f6375400000-7f6375404000 ---p 00000000 00:00 0 
7f6375404000-7f6375500000 rw-p 00000000 00:00 0 
7f6375500000-7f6375504000 ---p 00000000 00:00 0 
7f6375504000-7f6375600000 rw-p 00000000 00:00 0 
7f6375600000-7f6375604000 ---p 00000000 00:00 0 
7f6375604000-7f6375700000 rw-p 00000000 00:00 0 
7f6375700000-7f6375704000 ---p 00000000 00:00 0 
7f6375704000-7f6375800000 rw-p 00000000 00:00 0 
7f6375800000-7f6375804000 ---p 00000000 00:00 0 
7f6375804000-7f6375900000 rw-p 00000000 00:00 0 
7f6375900000-7f6375904000 ---p 00000000 00:00 0 
7f6375904000-7f6375a00000 rw-p 00000000 00:00 0 
7f6375a00000-7f6375f74000 r--p 00000000 103:03 137594                    /usr/lib/locale/locale-archive
7f6376000000-7f6378021000 rw-p 00000000 00:00 0 
7f6378021000-7f637c000000 ---p 00000000 00:00 0 
7f637c000000-7f637c021000 rw-p 00000000 00:00 0 
7f637c021000-7f6380000000 ---p 00000000 00:00 0 
7f6380000000-7f6380021000 rw-p 00000000 00:00 0 
7f6380021000-7f6384000000 ---p 00000000 00:00 0 
7f638406b000-7f638406f000 ---p 00000000 00:00 0 
7f638406f000-7f638416b000 rw-p 00000000 00:00 0 
7f638416b000-7f638416f000 ---p 00000000 00:00 0 
7f638416f000-7f638426b000 rw-p 00000000 00:00 0 
7f638426b000-7f638426f000 ---p 00000000 00:00 0 
7f638426f000-7f638436b000 rw-p 00000000 00:00 0 
7f638436b000-7f638436f000 ---p 00000000 00:00 0 
7f638436f000-7f638446b000 rw-p 00000000 00:00 0 
7f638446b000-7f638446c000 ---p 00000000 00:00 0 
7f638446c000-7f638456d000 rw-p 00000000 00:00 0 
7f638456d000-7f638463b000 r-xp 00000000 103:03 1058499                   /usr/lib/jvm/jdk-17-oracle-x64/lib/libjsvml.so
7f638463b000-7f638463c000 r--p 000cd000 103:03 1058499                   /usr/lib/jvm/jdk-17-oracle-x64/lib/libjsvml.so
7f638463c000-7f638463d000 rw-p 000ce000 103:03 1058499                   /usr/lib/jvm/jdk-17-oracle-x64/lib/libjsvml.so
7f638463d000-7f638463e000 ---p 00000000 00:00 0 
7f638463e000-7f638473f000 rw-p 00000000 00:00 0 
7f638473f000-7f6384740000 ---p 00000000 00:00 0 
7f6384740000-7f6385049000 rw-p 00000000 00:00 0 
7f6385049000-7f638504a000 ---p 00000000 00:00 0 
7f638504a000-7f638514b000 rw-p 00000000 00:00 0 
7f638514b000-7f638514c000 ---p 00000000 00:00 0 
7f638514c000-7f638524d000 rw-p 00000000 00:00 0 
7f638524d000-7f638524e000 ---p 00000000 00:00 0 
7f638524e000-7f638551f000 rw-p 00000000 00:00 0 
7f638551f000-7f6386e17000 ---p 00000000 00:00 0 
7f6386e17000-7f6386fef000 rw-p 00000000 00:00 0 
7f6386fef000-7f63888e7000 ---p 00000000 00:00 0 
7f63888e7000-7f6388929000 rw-p 00000000 00:00 0 
7f6388929000-7f6388c48000 ---p 00000000 00:00 0 
7f6388c48000-7f6388c83000 rw-p 00000000 00:00 0 
7f6388c83000-7f6388fa2000 ---p 00000000 00:00 0 
7f6388fa2000-7f6388fdd000 rw-p 00000000 00:00 0 
7f6388fdd000-7f63892fc000 ---p 00000000 00:00 0 
7f63892fc000-7f6389600000 rw-p 00000000 00:00 0 
7f6389600000-7f638a250000 rwxp 00000000 00:00 0 
7f638a250000-7f638c600000 ---p 00000000 00:00 0 
7f638c600000-7f6393f35000 r--s 00000000 103:03 1058515                   /usr/lib/jvm/jdk-17-oracle-x64/lib/modules
7f6393f7f000-7f639475f000 rw-p 00000000 00:00 0 
7f639475f000-7f6398000000 ---p 00000000 00:00 0 
7f639804f000-7f639805c000 r-xp 00000000 103:03 1058513                   /usr/lib/jvm/jdk-17-oracle-x64/lib/libverify.so
7f639805c000-7f639805e000 r--p 0000c000 103:03 1058513                   /usr/lib/jvm/jdk-17-oracle-x64/lib/libverify.so
7f639805e000-7f639805f000 rw-p 0000e000 103:03 1058513                   /usr/lib/jvm/jdk-17-oracle-x64/lib/libverify.so
7f639805f000-7f6398600000 rw-p 00000000 00:00 0 
7f6398600000-7f6399743000 r-xp 00000000 103:03 1058525                   /usr/lib/jvm/jdk-17-oracle-x64/lib/server/libjvm.so
7f6399743000-7f6399744000 ---p 01143000 103:03 1058525                   /usr/lib/jvm/jdk-17-oracle-x64/lib/server/libjvm.so
7f6399744000-7f63997f9000 r--p 01143000 103:03 1058525                   /usr/lib/jvm/jdk-17-oracle-x64/lib/server/libjvm.so
7f63997f9000-7f639982c000 rw-p 011f8000 103:03 1058525                   /usr/lib/jvm/jdk-17-oracle-x64/lib/server/libjvm.so
7f639982c000-7f6399886000 rw-p 00000000 00:00 0 
7f6399889000-7f639988f000 r-xp 00000000 103:03 1058503                   /usr/lib/jvm/jdk-17-oracle-x64/lib/libmanagement_ext.so
7f639988f000-7f6399890000 r--p 00005000 103:03 1058503                   /usr/lib/jvm/jdk-17-oracle-x64/lib/libmanagement_ext.so
7f6399890000-7f6399891000 rw-p 00006000 103:03 1058503                   /usr/lib/jvm/jdk-17-oracle-x64/lib/libmanagement_ext.so
7f6399891000-7f6399900000 rw-p 00000000 00:00 0 
7f6399900000-7f6399904000 ---p 00000000 00:00 0 
7f6399904000-7f6399a00000 rw-p 00000000 00:00 0 
7f6399a00000-7f6399a22000 r--p 00000000 103:03 131443                    /usr/lib/x86_64-linux-gnu/libc.so.6
7f6399a22000-7f6399b9a000 r-xp 00022000 103:03 131443                    /usr/lib/x86_64-linux-gnu/libc.so.6
7f6399b9a000-7f6399bf2000 r--p 0019a000 103:03 131443                    /usr/lib/x86_64-linux-gnu/libc.so.6
7f6399bf2000-7f6399bf6000 r--p 001f1000 103:03 131443                    /usr/lib/x86_64-linux-gnu/libc.so.6
7f6399bf6000-7f6399bf8000 rw-p 001f5000 103:03 131443                    /usr/lib/x86_64-linux-gnu/libc.so.6
7f6399bf8000-7f6399c05000 rw-p 00000000 00:00 0 
7f6399c05000-7f6399c0c000 r--s 00000000 103:03 133553                    /usr/lib/x86_64-linux-gnu/gconv/gconv-modules.cache
7f6399c0c000-7f6399c10000 r-xp 00000000 103:03 1058501                   /usr/lib/jvm/jdk-17-oracle-x64/lib/libmanagement.so
7f6399c10000-7f6399c11000 r--p 00003000 103:03 1058501                   /usr/lib/jvm/jdk-17-oracle-x64/lib/libmanagement.so
7f6399c11000-7f6399c12000 rw-p 00004000 103:03 1058501                   /usr/lib/jvm/jdk-17-oracle-x64/lib/libmanagement.so
7f6399c12000-7f6399c14000 r-xp 00000000 103:03 1058484                   /usr/lib/jvm/jdk-17-oracle-x64/lib/libextnet.so
7f6399c14000-7f6399c15000 r--p 00001000 103:03 1058484                   /usr/lib/jvm/jdk-17-oracle-x64/lib/libextnet.so
7f6399c15000-7f6399c16000 rw-p 00002000 103:03 1058484                   /usr/lib/jvm/jdk-17-oracle-x64/lib/libextnet.so
7f6399c16000-7f6399c2b000 r-xp 00000000 103:03 1058505                   /usr/lib/jvm/jdk-17-oracle-x64/lib/libnet.so
7f6399c2b000-7f6399c2c000 ---p 00015000 103:03 1058505                   /usr/lib/jvm/jdk-17-oracle-x64/lib/libnet.so
7f6399c2c000-7f6399c2d000 r--p 00015000 103:03 1058505                   /usr/lib/jvm/jdk-17-oracle-x64/lib/libnet.so
7f6399c2d000-7f6399c2e000 rw-p 00016000 103:03 1058505                   /usr/lib/jvm/jdk-17-oracle-x64/lib/libnet.so
7f6399c2e000-7f6399c41000 r-xp 00000000 103:03 1058506                   /usr/lib/jvm/jdk-17-oracle-x64/lib/libnio.so
7f6399c41000-7f6399c42000 r--p 00012000 103:03 1058506                   /usr/lib/jvm/jdk-17-oracle-x64/lib/libnio.so
7f6399c42000-7f6399c43000 rw-p 00013000 103:03 1058506                   /usr/lib/jvm/jdk-17-oracle-x64/lib/libnio.so
7f6399c43000-7f6399c4a000 r-xp 00000000 103:03 1058514                   /usr/lib/jvm/jdk-17-oracle-x64/lib/libzip.so
7f6399c4a000-7f6399c4b000 ---p 00007000 103:03 1058514                   /usr/lib/jvm/jdk-17-oracle-x64/lib/libzip.so
7f6399c4b000-7f6399c4c000 r--p 00007000 103:03 1058514                   /usr/lib/jvm/jdk-17-oracle-x64/lib/libzip.so
7f6399c4c000-7f6399c4d000 rw-p 00008000 103:03 1058514                   /usr/lib/jvm/jdk-17-oracle-x64/lib/libzip.so
7f6399c4d000-7f6399c66000 rw-p 00000000 00:00 0 
7f6399c66000-7f6399cad000 ---p 00000000 00:00 0 
7f6399cad000-7f6399cb5000 rw-s 00000000 103:03 3015476                   /tmp/hsperfdata_nur/58374
7f6399cb5000-7f6399cd9000 r-xp 00000000 103:03 1058491                   /usr/lib/jvm/jdk-17-oracle-x64/lib/libjava.so
7f6399cd9000-7f6399cda000 ---p 00024000 103:03 1058491                   /usr/lib/jvm/jdk-17-oracle-x64/lib/libjava.so
7f6399cda000-7f6399cdb000 r--p 00024000 103:03 1058491                   /usr/lib/jvm/jdk-17-oracle-x64/lib/libjava.so
7f6399cdb000-7f6399cdc000 rw-p 00025000 103:03 1058491                   /usr/lib/jvm/jdk-17-oracle-x64/lib/libjava.so
7f6399cdc000-7f6399cdd000 rw-p 00000000 00:00 0 
7f6399cdd000-7f6399cf8000 r-xp 00000000 103:03 1058495                   /usr/lib/jvm/jdk-17-oracle-x64/lib/libjimage.so
7f6399cf8000-7f6399cf9000 ---p 0001b000 103:03 1058495                   /usr/lib/jvm/jdk-17-oracle-x64/lib/libjimage.so
7f6399cf9000-7f6399cfb000 r--p 0001b000 103:03 1058495                   /usr/lib/jvm/jdk-17-oracle-x64/lib/libjimage.so
7f6399cfb000-7f6399cfc000 rw-p 0001d000 103:03 1058495                   /usr/lib/jvm/jdk-17-oracle-x64/lib/libjimage.so
7f6399cfc000-7f6399d0a000 r--p 00000000 103:03 131459                    /usr/lib/x86_64-linux-gnu/libm.so.6
7f6399d0a000-7f6399d88000 r-xp 0000e000 103:03 131459                    /usr/lib/x86_64-linux-gnu/libm.so.6
7f6399d88000-7f6399de3000 r--p 0008c000 103:03 131459                    /usr/lib/x86_64-linux-gnu/libm.so.6
7f6399de3000-7f6399de4000 r--p 000e6000 103:03 131459                    /usr/lib/x86_64-linux-gnu/libm.so.6
7f6399de4000-7f6399de5000 rw-p 000e7000 103:03 131459                    /usr/lib/x86_64-linux-gnu/libm.so.6
7f6399de5000-7f6399de6000 r--p 00000000 103:03 131486                    /usr/lib/x86_64-linux-gnu/librt.so.1
7f6399de6000-7f6399de7000 r-xp 00001000 103:03 131486                    /usr/lib/x86_64-linux-gnu/librt.so.1
7f6399de7000-7f6399de8000 r--p 00002000 103:03 131486                    /usr/lib/x86_64-linux-gnu/librt.so.1
7f6399de8000-7f6399de9000 r--p 00002000 103:03 131486                    /usr/lib/x86_64-linux-gnu/librt.so.1
7f6399de9000-7f6399dea000 rw-p 00003000 103:03 131486                    /usr/lib/x86_64-linux-gnu/librt.so.1
7f6399dea000-7f6399dee000 rw-p 00000000 00:00 0 
7f6399dee000-7f6399def000 r--p 00000000 103:03 131454                    /usr/lib/x86_64-linux-gnu/libdl.so.2
7f6399def000-7f6399df0000 r-xp 00001000 103:03 131454                    /usr/lib/x86_64-linux-gnu/libdl.so.2
7f6399df0000-7f6399df1000 r--p 00002000 103:03 131454                    /usr/lib/x86_64-linux-gnu/libdl.so.2
7f6399df1000-7f6399df2000 r--p 00002000 103:03 131454                    /usr/lib/x86_64-linux-gnu/libdl.so.2
7f6399df2000-7f6399df3000 rw-p 00003000 103:03 131454                    /usr/lib/x86_64-linux-gnu/libdl.so.2
7f6399df3000-7f6399df4000 r--p 00000000 103:03 131481                    /usr/lib/x86_64-linux-gnu/libpthread.so.0
7f6399df4000-7f6399df5000 r-xp 00001000 103:03 131481                    /usr/lib/x86_64-linux-gnu/libpthread.so.0
7f6399df5000-7f6399df6000 r--p 00002000 103:03 131481                    /usr/lib/x86_64-linux-gnu/libpthread.so.0
7f6399df6000-7f6399df7000 r--p 00002000 103:03 131481                    /usr/lib/x86_64-linux-gnu/libpthread.so.0
7f6399df7000-7f6399df8000 rw-p 00003000 103:03 131481                    /usr/lib/x86_64-linux-gnu/libpthread.so.0
7f6399df8000-7f6399e06000 r-xp 00000000 103:03 1058496                   /usr/lib/jvm/jdk-17-oracle-x64/lib/libjli.so
7f6399e06000-7f6399e07000 ---p 0000e000 103:03 1058496                   /usr/lib/jvm/jdk-17-oracle-x64/lib/libjli.so
7f6399e07000-7f6399e08000 r--p 0000e000 103:03 1058496                   /usr/lib/jvm/jdk-17-oracle-x64/lib/libjli.so
7f6399e08000-7f6399e09000 rw-p 0000f000 103:03 1058496                   /usr/lib/jvm/jdk-17-oracle-x64/lib/libjli.so
7f6399e09000-7f6399e0c000 r--p 00000000 103:03 155766                    /usr/lib/x86_64-linux-gnu/libz.so.1.2.13
7f6399e0c000-7f6399e1e000 r-xp 00003000 103:03 155766                    /usr/lib/x86_64-linux-gnu/libz.so.1.2.13
7f6399e1e000-7f6399e25000 r--p 00015000 103:03 155766                    /usr/lib/x86_64-linux-gnu/libz.so.1.2.13
7f6399e25000-7f6399e26000 r--p 0001b000 103:03 155766                    /usr/lib/x86_64-linux-gnu/libz.so.1.2.13
7f6399e26000-7f6399e27000 rw-p 0001c000 103:03 155766                    /usr/lib/x86_64-linux-gnu/libz.so.1.2.13
7f6399e28000-7f6399e32000 r-xp 00000000 103:03 1058486                   /usr/lib/jvm/jdk-17-oracle-x64/lib/libinstrument.so
7f6399e32000-7f6399e33000 r--p 00009000 103:03 1058486                   /usr/lib/jvm/jdk-17-oracle-x64/lib/libinstrument.so
7f6399e33000-7f6399e34000 rw-p 0000a000 103:03 1058486                   /usr/lib/jvm/jdk-17-oracle-x64/lib/libinstrument.so
7f6399e34000-7f6399e35000 ---p 00000000 00:00 0 
7f6399e35000-7f6399e36000 r--p 00000000 00:00 0 
7f6399e36000-7f6399e37000 ---p 00000000 00:00 0 
7f6399e37000-7f6399e39000 rw-p 00000000 00:00 0 
7f6399e39000-7f6399e3a000 r--p 00000000 103:03 131438                    /usr/lib/x86_64-linux-gnu/ld-linux-x86-64.so.2
7f6399e3a000-7f6399e62000 r-xp 00001000 103:03 131438                    /usr/lib/x86_64-linux-gnu/ld-linux-x86-64.so.2
7f6399e62000-7f6399e6c000 r--p 00029000 103:03 131438                    /usr/lib/x86_64-linux-gnu/ld-linux-x86-64.so.2
7f6399e6c000-7f6399e6e000 r--p 00033000 103:03 131438                    /usr/lib/x86_64-linux-gnu/ld-linux-x86-64.so.2
7f6399e6e000-7f6399e70000 rw-p 00035000 103:03 131438                    /usr/lib/x86_64-linux-gnu/ld-linux-x86-64.so.2
7ffcb6759000-7ffcb677c000 rw-p 00000000 00:00 0                          [stack]
7ffcb67da000-7ffcb67de000 r--p 00000000 00:00 0                          [vvar]
7ffcb67de000-7ffcb67e0000 r-xp 00000000 00:00 0                          [vdso]
ffffffffff600000-ffffffffff601000 --xp 00000000 00:00 0                  [vsyscall]


VM Arguments:
jvm_args: -XX:TieredStopAtLevel=1 -Dspring.output.ansi.enabled=always -Dcom.sun.management.jmxremote -Dspring.jmx.enabled=true -Dspring.liveBeansView.mbeanDomain -Dspring.application.admin.enabled=true -Dmanagement.endpoints.jmx.exposure.include=* -javaagent:/snap/intellij-idea-ultimate/455/lib/idea_rt.jar=40417:/snap/intellij-idea-ultimate/455/bin -Dfile.encoding=UTF-8 
java_command: com.sanjar.trainingcenter.ItCourseApplication
java_class_path (initial): /home/nur/Desktop/training-center/target/classes:/home/nur/.m2/repository/org/springframework/boot/spring-boot-starter-data-jpa/3.0.10/spring-boot-starter-data-jpa-3.0.10.jar:/home/nur/.m2/repository/org/springframework/boot/spring-boot-starter-aop/3.0.10/spring-boot-starter-aop-3.0.10.jar:/home/nur/.m2/repository/org/aspectj/aspectjweaver/1.9.20/aspectjweaver-1.9.20.jar:/home/nur/.m2/repository/org/springframework/boot/spring-boot-starter-jdbc/3.0.10/spring-boot-starter-jdbc-3.0.10.jar:/home/nur/.m2/repository/com/zaxxer/HikariCP/5.0.1/HikariCP-5.0.1.jar:/home/nur/.m2/repository/org/springframework/spring-jdbc/6.0.11/spring-jdbc-6.0.11.jar:/home/nur/.m2/repository/org/hibernate/orm/hibernate-core/6.1.7.Final/hibernate-core-6.1.7.Final.jar:/home/nur/.m2/repository/jakarta/persistence/jakarta.persistence-api/3.1.0/jakarta.persistence-api-3.1.0.jar:/home/nur/.m2/repository/jakarta/transaction/jakarta.transaction-api/2.0.1/jakarta.transaction-api-2.0.1.jar:/home/nur/.m2/repository/org/jboss/logging/jboss-logging/3.5.3.Final/jboss-logging-3.5.3.Final.jar:/home/nur/.m2/repository/org/hibernate/common/hibernate-commons-annotations/6.0.6.Final/hibernate-commons-annotations-6.0.6.Final.jar:/home/nur/.m2/repository/org/jboss/jandex/2.4.2.Final/jandex-2.4.2.Final.jar:/home/nur/.m2/repository/com/fasterxml/classmate/1.5.1/classmate-1.5.1.jar:/home/nur/.m2/repository/net/bytebuddy/byte-buddy/1.12.23/byte-buddy-1.12.23.jar:/home/nur/.m2/repository/jakarta/xml/bind/jakarta.xml.bind-api/4.0.0/jakarta.xml.bind-api-4.0.0.jar:/home/nur/.m2/repository/jakarta/activation/jakarta.activation-api/2.1.2/jakarta.activation-api-2.1.2.jar:/home/nur/.m2/repository/org/glassfish/jaxb/jaxb-runtime/4.0.3/jaxb-runtime-4.0.3.jar:/home/nur/.m2/repository/org/glassfish/jaxb/jaxb-core/4.0.3/jaxb-core-4.0.3.jar:/home/nur/.m2/repository/org/eclipse/angus/angus-activation/2.0.1/angus-activation-2.0.1.jar:/home/nur/.m2/repository/org/glassfish/jaxb/txw2/4.0.3/txw2-4.0.3.jar:/h
Launcher Type: SUN_STANDARD

[Global flags]
     intx CICompilerCount                          = 4                                         {product} {ergonomic}
     uint ConcGCThreads                            = 2                                         {product} {ergonomic}
     uint G1ConcRefinementThreads                  = 8                                         {product} {ergonomic}
   size_t G1HeapRegionSize                         = 1048576                                   {product} {ergonomic}
    uintx GCDrainStackTargetSize                   = 64                                        {product} {ergonomic}
   size_t InitialHeapSize                          = 113246208                                 {product} {ergonomic}
     bool ManagementServer                         = true                                      {product} {command line}
   size_t MarkStackSize                            = 4194304                                   {product} {ergonomic}
   size_t MaxHeapSize                              = 1799356416                                {product} {ergonomic}
   size_t MaxNewSize                               = 1078984704                                {product} {ergonomic}
   size_t MinHeapDeltaBytes                        = 1048576                                   {product} {ergonomic}
   size_t MinHeapSize                              = 8388608                                   {product} {ergonomic}
    uintx NonProfiledCodeHeapSize                  = 0                                      {pd product} {ergonomic}
     bool ProfileInterpreter                       = false                                  {pd product} {command line}
    uintx ProfiledCodeHeapSize                     = 0                                      {pd product} {ergonomic}
   size_t SoftMaxHeapSize                          = 1799356416                             {manageable} {ergonomic}
     intx TieredStopAtLevel                        = 1                                         {product} {command line}
     bool UseCompressedClassPointers               = true                           {product lp64_product} {ergonomic}
     bool UseCompressedOops                        = true                           {product lp64_product} {ergonomic}
     bool UseG1GC                                  = true                                      {product} {ergonomic}

Logging:
Log output configuration:
 #0: stdout all=warning uptime,level,tags
 #1: stderr all=off uptime,level,tags

Environment Variables:
JAVA_HOME=/usr/lib/jvm/jdk-17-oracle-x64
PATH=/opt/apache-maven-3.9.4/bin:/usr/local/sbin:/usr/local/bin:/usr/sbin:/usr/bin:/sbin:/bin:/usr/games:/usr/local/games:/snap/bin:/snap/bin
USERNAME=nur
SHELL=/bin/bash
DISPLAY=:0
LANG=en_US.UTF-8

Signal Handlers:
   SIGSEGV: crash_handler in libjvm.so, mask=11100100010111111101111111111110, flags=SA_RESTART|SA_SIGINFO
    SIGBUS: crash_handler in libjvm.so, mask=11100100010111111101111111111110, flags=SA_RESTART|SA_SIGINFO
    SIGFPE: crash_handler in libjvm.so, mask=11100100010111111101111111111110, flags=SA_RESTART|SA_SIGINFO
   SIGPIPE: javaSignalHandler in libjvm.so, mask=11100100010111111101111111111110, flags=SA_RESTART|SA_SIGINFO
   SIGXFSZ: javaSignalHandler in libjvm.so, mask=11100100010111111101111111111110, flags=SA_RESTART|SA_SIGINFO
    SIGILL: crash_handler in libjvm.so, mask=11100100010111111101111111111110, flags=SA_RESTART|SA_SIGINFO
   SIGUSR2: SR_handler in libjvm.so, mask=00100000000000000000000000000000, flags=SA_RESTART|SA_SIGINFO
    SIGHUP: UserHandler in libjvm.so, mask=11100100010111111101111111111110, flags=SA_RESTART|SA_SIGINFO
    SIGINT: UserHandler in libjvm.so, mask=11100100010111111101111111111110, flags=SA_RESTART|SA_SIGINFO
   SIGTERM: UserHandler in libjvm.so, mask=11100100010111111101111111111110, flags=SA_RESTART|SA_SIGINFO
   SIGQUIT: UserHandler in libjvm.so, mask=11100100010111111101111111111110, flags=SA_RESTART|SA_SIGINFO
   SIGTRAP: crash_handler in libjvm.so, mask=11100100010111111101111111111110, flags=SA_RESTART|SA_SIGINFO


---------------  S Y S T E M  ---------------

OS:
DISTRIB_ID=Ubuntu
DISTRIB_RELEASE=23.04
DISTRIB_CODENAME=lunar
DISTRIB_DESCRIPTION="Ubuntu 23.04"
uname: Linux 6.2.0-34-generic #34-Ubuntu SMP PREEMPT_DYNAMIC Mon Sep  4 13:06:55 UTC 2023 x86_64
OS uptime: 0 days 22:17 hours
libc: glibc 2.37 NPTL 2.37 
rlimit (soft/hard): STACK 8192k/infinity , CORE 0k/infinity , NPROC 27138/27138 , NOFILE 1048576/1048576 , AS infinity/infinity , CPU infinity/infinity , DATA infinity/infinity , FSIZE infinity/infinity , MEMLOCK 877788k/877788k
load average: 1.84 2.07 2.08

/proc/meminfo:
MemTotal:        7022308 kB
MemFree:          136716 kB
MemAvailable:    1522420 kB
Buffers:           43368 kB
Cached:          1558232 kB
SwapCached:        70496 kB
Active:          1455036 kB
Inactive:        4813404 kB
Active(anon):     607644 kB
Inactive(anon):  4119132 kB
Active(file):     847392 kB
Inactive(file):   694272 kB
Unevictable:          64 kB
Mlocked:              64 kB
SwapTotal:       4194300 kB
SwapFree:        3025800 kB
Zswap:                 0 kB
Zswapped:              0 kB
Dirty:             14360 kB
Writeback:             0 kB
AnonPages:       4638460 kB
Mapped:           750716 kB
Shmem:             59912 kB
KReclaimable:     123180 kB
Slab:             302736 kB
SReclaimable:     123180 kB
SUnreclaim:       179556 kB
KernelStack:       20368 kB
PageTables:        49504 kB
SecPageTables:         0 kB
NFS_Unstable:          0 kB
Bounce:                0 kB
WritebackTmp:          0 kB
CommitLimit:     7705452 kB
Committed_AS:   14672060 kB
VmallocTotal:   34359738367 kB
VmallocUsed:       74412 kB
VmallocChunk:          0 kB
Percpu:            14464 kB
HardwareCorrupted:     0 kB
AnonHugePages:         0 kB
ShmemHugePages:        0 kB
ShmemPmdMapped:        0 kB
FileHugePages:         0 kB
FilePmdMapped:         0 kB
HugePages_Total:       0
HugePages_Free:        0
HugePages_Rsvd:        0
HugePages_Surp:        0
Hugepagesize:       2048 kB
Hugetlb:               0 kB
DirectMap4k:      884756 kB
DirectMap2M:     6389760 kB
DirectMap1G:     1048576 kB

/sys/kernel/mm/transparent_hugepage/enabled: always [madvise] never
/sys/kernel/mm/transparent_hugepage/defrag (defrag/compaction efforts parameter): always defer defer+madvise [madvise] never

Process Memory:
Virtual Size: 6804112K (peak: 6867152K)
Resident Set Size: 262684K (peak: 262684K) (anon: 241180K, file: 21504K, shmem: 0K)
Swapped out: 0K
C-Heap outstanding allocations: 56020K, retained: 8863K

/proc/sys/kernel/threads-max (system-wide limit on the number of threads): 54276
/proc/sys/vm/max_map_count (maximum number of memory map areas a process may have): 65530
/proc/sys/kernel/pid_max (system-wide limit on number of process identifiers): 4194304

container (cgroup) information:
container_type: cgroupv2
cpu_cpuset_cpus: not supported
cpu_memory_nodes: not supported
active_processor_count: 8
cpu_quota: not supported
cpu_period: not supported
cpu_shares: not supported
memory_limit_in_bytes: unlimited
memory_and_swap_limit_in_bytes: unlimited
memory_soft_limit_in_bytes: unlimited
memory_usage_in_bytes: 4409148 k
memory_max_usage_in_bytes: not supported
memory_swap_current_in_bytes: 56436 k
memory_swap_max_limit_in_bytes: unlimited
maximum number of tasks: 8141
current number of tasks: 278

Steal ticks since vm start: 0
Steal ticks percentage since vm start:  0.000

CPU: total 16 (initial active 8) (8 cores per cpu, 2 threads per core) family 23 model 24 stepping 1 microcode 0x8108109, cx8, cmov, fxsr, ht, mmx, 3dnowpref, sse, sse2, sse3, ssse3, sse4a, sse4.1, sse4.2, popcnt, lzcnt, tsc, tscinvbit, avx, avx2, aes, clmul, bmi1, bmi2, adx, sha, fma, vzeroupper, clflush, clflushopt
CPU Model and flags from /proc/cpuinfo:
model name	: AMD Ryzen 5 3500U with Radeon Vega Mobile Gfx
flags		: fpu vme de pse tsc msr pae mce cx8 apic sep mtrr pge mca cmov pat pse36 clflush mmx fxsr sse sse2 ht syscall nx mmxext fxsr_opt pdpe1gb rdtscp lm constant_tsc rep_good nopl nonstop_tsc cpuid extd_apicid aperfmperf rapl pni pclmulqdq monitor ssse3 fma cx16 sse4_1 sse4_2 movbe popcnt aes xsave avx f16c rdrand lahf_lm cmp_legacy svm extapic cr8_legacy abm sse4a misalignsse 3dnowprefetch osvw skinit wdt tce topoext perfctr_core perfctr_nb bpext perfctr_llc mwaitx cpb hw_pstate ssbd ibpb vmmcall fsgsbase bmi1 avx2 smep bmi2 rdseed adx smap clflushopt sha_ni xsaveopt xsavec xgetbv1 clzero irperf xsaveerptr arat npt lbrv svm_lock nrip_save tsc_scale vmcb_clean flushbyasid decodeassists pausefilter pfthreshold avic v_vmsave_vmload vgif overflow_recov succor smca sev sev_es

Online cpus: 0-7
Offline cpus: 8-15
BIOS frequency limitation: 2100000
Frequency switch latency (ns): 0
Available cpu frequencies: 2100000 1700000 1400000 
Current governor: schedutil
Core performance/turbo boost: 1

Memory: 4k page, physical 7022308k(136972k free), swap 4194300k(3025800k free)
Page Sizes: 4k

vm_info: Java HotSpot(TM) 64-Bit Server VM (17.0.8+9-LTS-211) for linux-amd64 JRE (17.0.8+9-LTS-211), built on Jun 14 2023 09:27:34 by "mach5one" with gcc 11.2.0

END.
